-- The C compiler identification is GNU 11.4.0
-- The CXX compiler identification is GNU 11.4.0
-- Detecting C compiler ABI info
-- Detecting C compiler ABI info - done
-- Check for working C compiler: /usr/bin/cc - skipped
-- Detecting C compile features
-- Detecting C compile features - done
-- Detecting CXX compiler ABI info
-- Detecting CXX compiler ABI info - done
-- Check for working CXX compiler: /usr/bin/c++ - skipped
-- Detecting CXX compile features
-- Detecting CXX compile features - done
-- Found ament_cmake: 1.3.3 (/opt/ros/humble/share/ament_cmake/cmake)
-- Found Python3: /usr/bin/python3.10 (found version "3.10.12") found components: Interpreter 
-- Found geometry_msgs: 4.2.3 (/opt/ros/humble/share/geometry_msgs/cmake)
-- Found rosidl_generator_c: 3.1.4 (/opt/ros/humble/share/rosidl_generator_c/cmake)
-- Found rosidl_adapter: 3.1.4 (/opt/ros/humble/share/rosidl_adapter/cmake)
-- Found rosidl_generator_cpp: 3.1.4 (/opt/ros/humble/share/rosidl_generator_cpp/cmake)
-- Using all available rosidl_typesupport_c: rosidl_typesupport_fastrtps_c;rosidl_typesupport_introspection_c
-- Using all available rosidl_typesupport_cpp: rosidl_typesupport_fastrtps_cpp;rosidl_typesupport_introspection_cpp
-- Found rosidl_default_generators: 1.2.0 (/opt/ros/humble/share/rosidl_default_generators/cmake)
-- Found ament_cmake_ros: 0.10.0 (/opt/ros/humble/share/ament_cmake_ros/cmake)
-- Using all available rosidl_typesupport_c: rosidl_typesupport_fastrtps_c;rosidl_typesupport_introspection_c
-- Using all available rosidl_typesupport_cpp: rosidl_typesupport_fastrtps_cpp;rosidl_typesupport_introspection_cpp
-- Found PythonInterp: /usr/bin/python3 (found suitable version "3.10.12", minimum required is "3.6") 
-- Found python_cmake_module: 0.10.0 (/opt/ros/humble/share/python_cmake_module/cmake)
-- Found PythonLibs: /usr/lib/x86_64-linux-gnu/libpython3.10.so (found suitable version "3.10.12", minimum required is "3.5") 
-- Using PYTHON_EXECUTABLE: /usr/bin/python3
-- Using PYTHON_INCLUDE_DIRS: /usr/include/python3.10
-- Using PYTHON_LIBRARIES: /usr/lib/x86_64-linux-gnu/libpython3.10.so
-- Found PythonExtra: .so  
-- Configuring done
-- Generating done
-- Build files have been written to: /home/moenet/ros2_ws_rt/src/custom_msgs/build/custom_msgs
[  1%] [34m[1mGenerating C code for ROS interfaces[0m
[  2%] [34m[1mGenerating C++ code for ROS interfaces[0m
[  2%] Built target ament_cmake_python_copy_custom_msgs
running egg_info
creating custom_msgs.egg-info
writing custom_msgs.egg-info/PKG-INFO
writing dependency_links to custom_msgs.egg-info/dependency_links.txt
writing top-level names to custom_msgs.egg-info/top_level.txt
writing manifest file 'custom_msgs.egg-info/SOURCES.txt'
reading manifest file 'custom_msgs.egg-info/SOURCES.txt'
writing manifest file 'custom_msgs.egg-info/SOURCES.txt'
[  2%] Built target ament_cmake_python_build_custom_msgs_egg
[  2%] Built target custom_msgs__cpp
[  4%] [34m[1mGenerating C++ type support dispatch for ROS interfaces[0m
[  7%] [34m[1mGenerating C++ introspection for ROS interfaces[0m
[  5%] [34m[1mGenerating C++ type support for eProsima Fast-RTPS[0m
[  8%] [32mBuilding C object CMakeFiles/custom_msgs__rosidl_generator_c.dir/rosidl_generator_c/custom_msgs/msg/detail/quaternion__functions.c.o[0m
[  9%] [32mBuilding C object CMakeFiles/custom_msgs__rosidl_generator_c.dir/rosidl_generator_c/custom_msgs/msg/detail/pose3_d__functions.c.o[0m
[ 11%] [32mBuilding C object CMakeFiles/custom_msgs__rosidl_generator_c.dir/rosidl_generator_c/custom_msgs/srv/detail/get_from_rio__functions.c.o[0m
[ 15%] [32mBuilding C object CMakeFiles/custom_msgs__rosidl_generator_c.dir/rosidl_generator_c/custom_msgs/msg/detail/pose3_d_stamped__functions.c.o[0m
[ 15%] [32mBuilding C object CMakeFiles/custom_msgs__rosidl_generator_c.dir/rosidl_generator_c/custom_msgs/srv/detail/gstam__functions.c.o[0m
[ 15%] [32mBuilding C object CMakeFiles/custom_msgs__rosidl_generator_c.dir/rosidl_generator_c/custom_msgs/srv/detail/publish_to_rio__functions.c.o[0m
[ 16%] [32m[1mLinking C shared library libcustom_msgs__rosidl_generator_c.so[0m
[ 16%] Built target custom_msgs__rosidl_generator_c
[ 18%] [34m[1mGenerating C type support for eProsima Fast-RTPS[0m
[ 21%] [34m[1mGenerating C introspection for ROS interfaces[0m
[ 21%] [34m[1mGenerating C type support dispatch for ROS interfaces[0m
[ 22%] [32mBuilding CXX object CMakeFiles/custom_msgs__rosidl_typesupport_cpp.dir/rosidl_typesupport_cpp/custom_msgs/msg/quaternion__type_support.cpp.o[0m
[ 25%] [32mBuilding CXX object CMakeFiles/custom_msgs__rosidl_typesupport_cpp.dir/rosidl_typesupport_cpp/custom_msgs/msg/pose3_d__type_support.cpp.o[0m
[ 25%] [32mBuilding CXX object CMakeFiles/custom_msgs__rosidl_typesupport_cpp.dir/rosidl_typesupport_cpp/custom_msgs/msg/pose3_d_stamped__type_support.cpp.o[0m
[ 26%] [32mBuilding CXX object CMakeFiles/custom_msgs__rosidl_typesupport_cpp.dir/rosidl_typesupport_cpp/custom_msgs/srv/get_from_rio__type_support.cpp.o[0m
[ 28%] [32mBuilding CXX object CMakeFiles/custom_msgs__rosidl_typesupport_cpp.dir/rosidl_typesupport_cpp/custom_msgs/srv/gstam__type_support.cpp.o[0m
[ 29%] [32mBuilding CXX object CMakeFiles/custom_msgs__rosidl_typesupport_cpp.dir/rosidl_typesupport_cpp/custom_msgs/srv/publish_to_rio__type_support.cpp.o[0m
[ 33%] [32mBuilding CXX object CMakeFiles/custom_msgs__rosidl_typesupport_introspection_cpp.dir/rosidl_typesupport_introspection_cpp/custom_msgs/msg/detail/pose3_d_stamped__type_support.cpp.o[0m
[ 33%] [32mBuilding CXX object CMakeFiles/custom_msgs__rosidl_typesupport_introspection_cpp.dir/rosidl_typesupport_introspection_cpp/custom_msgs/msg/detail/quaternion__type_support.cpp.o[0m
[ 35%] [32mBuilding CXX object CMakeFiles/custom_msgs__rosidl_typesupport_introspection_cpp.dir/rosidl_typesupport_introspection_cpp/custom_msgs/srv/detail/gstam__type_support.cpp.o[0m
[ 35%] [32mBuilding CXX object CMakeFiles/custom_msgs__rosidl_typesupport_introspection_cpp.dir/rosidl_typesupport_introspection_cpp/custom_msgs/msg/detail/pose3_d__type_support.cpp.o[0m
[ 36%] [32mBuilding CXX object CMakeFiles/custom_msgs__rosidl_typesupport_introspection_cpp.dir/rosidl_typesupport_introspection_cpp/custom_msgs/srv/detail/get_from_rio__type_support.cpp.o[0m
[ 38%] [32mBuilding CXX object CMakeFiles/custom_msgs__rosidl_typesupport_introspection_cpp.dir/rosidl_typesupport_introspection_cpp/custom_msgs/srv/detail/publish_to_rio__type_support.cpp.o[0m
[ 39%] [32mBuilding CXX object CMakeFiles/custom_msgs__rosidl_typesupport_fastrtps_cpp.dir/rosidl_typesupport_fastrtps_cpp/custom_msgs/msg/detail/dds_fastrtps/quaternion__type_support.cpp.o[0m
[ 40%] [32mBuilding CXX object CMakeFiles/custom_msgs__rosidl_typesupport_fastrtps_cpp.dir/rosidl_typesupport_fastrtps_cpp/custom_msgs/msg/detail/dds_fastrtps/pose3_d__type_support.cpp.o[0m
[ 42%] [32mBuilding CXX object CMakeFiles/custom_msgs__rosidl_typesupport_c.dir/rosidl_typesupport_c/custom_msgs/msg/quaternion__type_support.cpp.o[0m
[ 43%] [32mBuilding CXX object CMakeFiles/custom_msgs__rosidl_typesupport_fastrtps_cpp.dir/rosidl_typesupport_fastrtps_cpp/custom_msgs/msg/detail/dds_fastrtps/pose3_d_stamped__type_support.cpp.o[0m
[ 46%] [32mBuilding CXX object CMakeFiles/custom_msgs__rosidl_typesupport_c.dir/rosidl_typesupport_c/custom_msgs/msg/pose3_d__type_support.cpp.o[0m
[ 46%] [32m[1mLinking CXX shared library libcustom_msgs__rosidl_typesupport_cpp.so[0m
[ 47%] [32mBuilding CXX object CMakeFiles/custom_msgs__rosidl_typesupport_c.dir/rosidl_typesupport_c/custom_msgs/srv/gstam__type_support.cpp.o[0m
[ 49%] [32mBuilding CXX object CMakeFiles/custom_msgs__rosidl_typesupport_fastrtps_cpp.dir/rosidl_typesupport_fastrtps_cpp/custom_msgs/srv/detail/dds_fastrtps/gstam__type_support.cpp.o[0m
[ 50%] [32mBuilding CXX object CMakeFiles/custom_msgs__rosidl_typesupport_c.dir/rosidl_typesupport_c/custom_msgs/msg/pose3_d_stamped__type_support.cpp.o[0m
[ 52%] [32mBuilding CXX object CMakeFiles/custom_msgs__rosidl_typesupport_fastrtps_c.dir/rosidl_typesupport_fastrtps_c/custom_msgs/msg/detail/quaternion__type_support_c.cpp.o[0m
[ 53%] [32mBuilding CXX object CMakeFiles/custom_msgs__rosidl_typesupport_c.dir/rosidl_typesupport_c/custom_msgs/srv/get_from_rio__type_support.cpp.o[0m
[ 53%] Built target custom_msgs__rosidl_typesupport_cpp
[ 54%] [32mBuilding CXX object CMakeFiles/custom_msgs__rosidl_typesupport_c.dir/rosidl_typesupport_c/custom_msgs/srv/publish_to_rio__type_support.cpp.o[0m
[ 56%] [32mBuilding CXX object CMakeFiles/custom_msgs__rosidl_typesupport_fastrtps_cpp.dir/rosidl_typesupport_fastrtps_cpp/custom_msgs/srv/detail/dds_fastrtps/get_from_rio__type_support.cpp.o[0m
[ 57%] [32mBuilding CXX object CMakeFiles/custom_msgs__rosidl_typesupport_fastrtps_cpp.dir/rosidl_typesupport_fastrtps_cpp/custom_msgs/srv/detail/dds_fastrtps/publish_to_rio__type_support.cpp.o[0m
[ 59%] [32m[1mLinking CXX shared library libcustom_msgs__rosidl_typesupport_c.so[0m
[ 60%] [32mBuilding CXX object CMakeFiles/custom_msgs__rosidl_typesupport_fastrtps_c.dir/rosidl_typesupport_fastrtps_c/custom_msgs/msg/detail/pose3_d__type_support_c.cpp.o[0m
[ 61%] [32mBuilding C object CMakeFiles/custom_msgs__rosidl_typesupport_introspection_c.dir/rosidl_typesupport_introspection_c/custom_msgs/msg/detail/quaternion__type_support.c.o[0m
[ 63%] [32mBuilding C object CMakeFiles/custom_msgs__rosidl_typesupport_introspection_c.dir/rosidl_typesupport_introspection_c/custom_msgs/msg/detail/pose3_d__type_support.c.o[0m
[ 63%] Built target custom_msgs__rosidl_typesupport_c
[ 64%] [32mBuilding C object CMakeFiles/custom_msgs__rosidl_typesupport_introspection_c.dir/rosidl_typesupport_introspection_c/custom_msgs/msg/detail/pose3_d_stamped__type_support.c.o[0m
[ 66%] [32mBuilding C object CMakeFiles/custom_msgs__rosidl_typesupport_introspection_c.dir/rosidl_typesupport_introspection_c/custom_msgs/srv/detail/gstam__type_support.c.o[0m
[ 67%] [32mBuilding CXX object CMakeFiles/custom_msgs__rosidl_typesupport_fastrtps_c.dir/rosidl_typesupport_fastrtps_c/custom_msgs/msg/detail/pose3_d_stamped__type_support_c.cpp.o[0m
[ 69%] [32mBuilding C object CMakeFiles/custom_msgs__rosidl_typesupport_introspection_c.dir/rosidl_typesupport_introspection_c/custom_msgs/srv/detail/get_from_rio__type_support.c.o[0m
[ 70%] [32mBuilding C object CMakeFiles/custom_msgs__rosidl_typesupport_introspection_c.dir/rosidl_typesupport_introspection_c/custom_msgs/srv/detail/publish_to_rio__type_support.c.o[0m
[ 71%] [32mBuilding CXX object CMakeFiles/custom_msgs__rosidl_typesupport_fastrtps_c.dir/rosidl_typesupport_fastrtps_c/custom_msgs/srv/detail/gstam__type_support_c.cpp.o[0m
[ 73%] [32mBuilding CXX object CMakeFiles/custom_msgs__rosidl_typesupport_fastrtps_c.dir/rosidl_typesupport_fastrtps_c/custom_msgs/srv/detail/get_from_rio__type_support_c.cpp.o[0m
[ 74%] [32mBuilding CXX object CMakeFiles/custom_msgs__rosidl_typesupport_fastrtps_c.dir/rosidl_typesupport_fastrtps_c/custom_msgs/srv/detail/publish_to_rio__type_support_c.cpp.o[0m
[ 76%] [32m[1mLinking CXX shared library libcustom_msgs__rosidl_typesupport_introspection_cpp.so[0m
[ 77%] [32m[1mLinking C shared library libcustom_msgs__rosidl_typesupport_introspection_c.so[0m
[ 77%] Built target custom_msgs__rosidl_typesupport_introspection_c
[ 77%] Built target custom_msgs__rosidl_typesupport_introspection_cpp
[ 78%] [32m[1mLinking CXX shared library libcustom_msgs__rosidl_typesupport_fastrtps_cpp.so[0m
[ 80%] [32m[1mLinking CXX shared library libcustom_msgs__rosidl_typesupport_fastrtps_c.so[0m
[ 80%] Built target custom_msgs__rosidl_typesupport_fastrtps_cpp
[ 80%] Built target custom_msgs__rosidl_typesupport_fastrtps_c
[ 80%] Built target custom_msgs
[ 81%] [34m[1mGenerating Python code for ROS interfaces[0m
[ 81%] Built target custom_msgs__py
[ 85%] [32mBuilding C object CMakeFiles/custom_msgs__rosidl_generator_py.dir/rosidl_generator_py/custom_msgs/msg/_quaternion_s.c.o[0m
[ 85%] [32mBuilding C object CMakeFiles/custom_msgs__rosidl_generator_py.dir/rosidl_generator_py/custom_msgs/msg/_pose3_d_s.c.o[0m
[ 87%] [32mBuilding C object CMakeFiles/custom_msgs__rosidl_generator_py.dir/rosidl_generator_py/custom_msgs/srv/_gstam_s.c.o[0m
[ 87%] [32mBuilding C object CMakeFiles/custom_msgs__rosidl_generator_py.dir/rosidl_generator_py/custom_msgs/msg/_pose3_d_stamped_s.c.o[0m
[ 88%] [32mBuilding C object CMakeFiles/custom_msgs__rosidl_generator_py.dir/rosidl_generator_py/custom_msgs/srv/_get_from_rio_s.c.o[0m
[ 90%] [32mBuilding C object CMakeFiles/custom_msgs__rosidl_generator_py.dir/rosidl_generator_py/custom_msgs/srv/_publish_to_rio_s.c.o[0m
[ 91%] [32m[1mLinking C shared library rosidl_generator_py/custom_msgs/libcustom_msgs__rosidl_generator_py.so[0m
[ 91%] Built target custom_msgs__rosidl_generator_py
[ 95%] [32mBuilding C object CMakeFiles/custom_msgs__rosidl_typesupport_introspection_c__pyext.dir/rosidl_generator_py/custom_msgs/_custom_msgs_s.ep.rosidl_typesupport_introspection_c.c.o[0m
[ 95%] [32mBuilding C object CMakeFiles/custom_msgs__rosidl_typesupport_c__pyext.dir/rosidl_generator_py/custom_msgs/_custom_msgs_s.ep.rosidl_typesupport_c.c.o[0m
[ 95%] [32mBuilding C object CMakeFiles/custom_msgs__rosidl_typesupport_fastrtps_c__pyext.dir/rosidl_generator_py/custom_msgs/_custom_msgs_s.ep.rosidl_typesupport_fastrtps_c.c.o[0m
[100%] [32m[1mLinking C shared library rosidl_generator_py/custom_msgs/custom_msgs_s__rosidl_typesupport_c.cpython-310-x86_64-linux-gnu.so[0m
[100%] [32m[1mLinking C shared library rosidl_generator_py/custom_msgs/custom_msgs_s__rosidl_typesupport_introspection_c.cpython-310-x86_64-linux-gnu.so[0m
[100%] [32m[1mLinking C shared library rosidl_generator_py/custom_msgs/custom_msgs_s__rosidl_typesupport_fastrtps_c.cpython-310-x86_64-linux-gnu.so[0m
[100%] Built target custom_msgs__rosidl_typesupport_c__pyext
[100%] Built target custom_msgs__rosidl_typesupport_introspection_c__pyext
[100%] Built target custom_msgs__rosidl_typesupport_fastrtps_c__pyext
-- Install configuration: ""
-- Installing: /home/moenet/ros2_ws_rt/src/custom_msgs/install/custom_msgs/share/ament_index/resource_index/rosidl_interfaces/custom_msgs
-- Installing: /home/moenet/ros2_ws_rt/src/custom_msgs/install/custom_msgs/include/custom_msgs/custom_msgs
-- Installing: /home/moenet/ros2_ws_rt/src/custom_msgs/install/custom_msgs/include/custom_msgs/custom_msgs/srv
-- Installing: /home/moenet/ros2_ws_rt/src/custom_msgs/install/custom_msgs/include/custom_msgs/custom_msgs/srv/get_from_rio.h
-- Installing: /home/moenet/ros2_ws_rt/src/custom_msgs/install/custom_msgs/include/custom_msgs/custom_msgs/srv/publish_to_rio.h
-- Installing: /home/moenet/ros2_ws_rt/src/custom_msgs/install/custom_msgs/include/custom_msgs/custom_msgs/srv/detail
-- Installing: /home/moenet/ros2_ws_rt/src/custom_msgs/install/custom_msgs/include/custom_msgs/custom_msgs/srv/detail/gstam__type_support.h
-- Installing: /home/moenet/ros2_ws_rt/src/custom_msgs/install/custom_msgs/include/custom_msgs/custom_msgs/srv/detail/publish_to_rio__struct.h
-- Installing: /home/moenet/ros2_ws_rt/src/custom_msgs/install/custom_msgs/include/custom_msgs/custom_msgs/srv/detail/get_from_rio__type_support.h
-- Installing: /home/moenet/ros2_ws_rt/src/custom_msgs/install/custom_msgs/include/custom_msgs/custom_msgs/srv/detail/publish_to_rio__type_support.h
-- Installing: /home/moenet/ros2_ws_rt/src/custom_msgs/install/custom_msgs/include/custom_msgs/custom_msgs/srv/detail/get_from_rio__functions.h
-- Installing: /home/moenet/ros2_ws_rt/src/custom_msgs/install/custom_msgs/include/custom_msgs/custom_msgs/srv/detail/gstam__functions.h
-- Installing: /home/moenet/ros2_ws_rt/src/custom_msgs/install/custom_msgs/include/custom_msgs/custom_msgs/srv/detail/get_from_rio__functions.c
-- Installing: /home/moenet/ros2_ws_rt/src/custom_msgs/install/custom_msgs/include/custom_msgs/custom_msgs/srv/detail/get_from_rio__struct.h
-- Installing: /home/moenet/ros2_ws_rt/src/custom_msgs/install/custom_msgs/include/custom_msgs/custom_msgs/srv/detail/publish_to_rio__functions.c
-- Installing: /home/moenet/ros2_ws_rt/src/custom_msgs/install/custom_msgs/include/custom_msgs/custom_msgs/srv/detail/gstam__struct.h
-- Installing: /home/moenet/ros2_ws_rt/src/custom_msgs/install/custom_msgs/include/custom_msgs/custom_msgs/srv/detail/publish_to_rio__functions.h
-- Installing: /home/moenet/ros2_ws_rt/src/custom_msgs/install/custom_msgs/include/custom_msgs/custom_msgs/srv/detail/gstam__functions.c
-- Installing: /home/moenet/ros2_ws_rt/src/custom_msgs/install/custom_msgs/include/custom_msgs/custom_msgs/srv/gstam.h
-- Installing: /home/moenet/ros2_ws_rt/src/custom_msgs/install/custom_msgs/include/custom_msgs/custom_msgs/msg
-- Installing: /home/moenet/ros2_ws_rt/src/custom_msgs/install/custom_msgs/include/custom_msgs/custom_msgs/msg/pose3_d_stamped.h
-- Installing: /home/moenet/ros2_ws_rt/src/custom_msgs/install/custom_msgs/include/custom_msgs/custom_msgs/msg/pose3_d.h
-- Installing: /home/moenet/ros2_ws_rt/src/custom_msgs/install/custom_msgs/include/custom_msgs/custom_msgs/msg/quaternion.h
-- Installing: /home/moenet/ros2_ws_rt/src/custom_msgs/install/custom_msgs/include/custom_msgs/custom_msgs/msg/detail
-- Installing: /home/moenet/ros2_ws_rt/src/custom_msgs/install/custom_msgs/include/custom_msgs/custom_msgs/msg/detail/pose3_d_stamped__functions.h
-- Installing: /home/moenet/ros2_ws_rt/src/custom_msgs/install/custom_msgs/include/custom_msgs/custom_msgs/msg/detail/quaternion__functions.h
-- Installing: /home/moenet/ros2_ws_rt/src/custom_msgs/install/custom_msgs/include/custom_msgs/custom_msgs/msg/detail/quaternion__type_support.h
-- Installing: /home/moenet/ros2_ws_rt/src/custom_msgs/install/custom_msgs/include/custom_msgs/custom_msgs/msg/detail/pose3_d__struct.h
-- Installing: /home/moenet/ros2_ws_rt/src/custom_msgs/install/custom_msgs/include/custom_msgs/custom_msgs/msg/detail/pose3_d__type_support.h
-- Installing: /home/moenet/ros2_ws_rt/src/custom_msgs/install/custom_msgs/include/custom_msgs/custom_msgs/msg/detail/quaternion__struct.h
-- Installing: /home/moenet/ros2_ws_rt/src/custom_msgs/install/custom_msgs/include/custom_msgs/custom_msgs/msg/detail/pose3_d_stamped__struct.h
-- Installing: /home/moenet/ros2_ws_rt/src/custom_msgs/install/custom_msgs/include/custom_msgs/custom_msgs/msg/detail/pose3_d__functions.c
-- Installing: /home/moenet/ros2_ws_rt/src/custom_msgs/install/custom_msgs/include/custom_msgs/custom_msgs/msg/detail/quaternion__functions.c
-- Installing: /home/moenet/ros2_ws_rt/src/custom_msgs/install/custom_msgs/include/custom_msgs/custom_msgs/msg/detail/pose3_d_stamped__functions.c
-- Installing: /home/moenet/ros2_ws_rt/src/custom_msgs/install/custom_msgs/include/custom_msgs/custom_msgs/msg/detail/pose3_d__functions.h
-- Installing: /home/moenet/ros2_ws_rt/src/custom_msgs/install/custom_msgs/include/custom_msgs/custom_msgs/msg/detail/pose3_d_stamped__type_support.h
-- Installing: /home/moenet/ros2_ws_rt/src/custom_msgs/install/custom_msgs/include/custom_msgs/custom_msgs/msg/rosidl_generator_c__visibility_control.h
-- Installing: /home/moenet/ros2_ws_rt/src/custom_msgs/install/custom_msgs/share/custom_msgs/environment/library_path.sh
-- Installing: /home/moenet/ros2_ws_rt/src/custom_msgs/install/custom_msgs/share/custom_msgs/environment/library_path.dsv
-- Installing: /home/moenet/ros2_ws_rt/src/custom_msgs/install/custom_msgs/lib/libcustom_msgs__rosidl_generator_c.so
-- Set runtime path of "/home/moenet/ros2_ws_rt/src/custom_msgs/install/custom_msgs/lib/libcustom_msgs__rosidl_generator_c.so" to ""
-- Up-to-date: /home/moenet/ros2_ws_rt/src/custom_msgs/install/custom_msgs/include/custom_msgs/custom_msgs
-- Up-to-date: /home/moenet/ros2_ws_rt/src/custom_msgs/install/custom_msgs/include/custom_msgs/custom_msgs/srv
-- Up-to-date: /home/moenet/ros2_ws_rt/src/custom_msgs/install/custom_msgs/include/custom_msgs/custom_msgs/srv/detail
-- Installing: /home/moenet/ros2_ws_rt/src/custom_msgs/install/custom_msgs/include/custom_msgs/custom_msgs/srv/detail/get_from_rio__rosidl_typesupport_fastrtps_c.h
-- Installing: /home/moenet/ros2_ws_rt/src/custom_msgs/install/custom_msgs/include/custom_msgs/custom_msgs/srv/detail/publish_to_rio__rosidl_typesupport_fastrtps_c.h
-- Installing: /home/moenet/ros2_ws_rt/src/custom_msgs/install/custom_msgs/include/custom_msgs/custom_msgs/srv/detail/gstam__rosidl_typesupport_fastrtps_c.h
-- Up-to-date: /home/moenet/ros2_ws_rt/src/custom_msgs/install/custom_msgs/include/custom_msgs/custom_msgs/msg
-- Up-to-date: /home/moenet/ros2_ws_rt/src/custom_msgs/install/custom_msgs/include/custom_msgs/custom_msgs/msg/detail
-- Installing: /home/moenet/ros2_ws_rt/src/custom_msgs/install/custom_msgs/include/custom_msgs/custom_msgs/msg/detail/quaternion__rosidl_typesupport_fastrtps_c.h
-- Installing: /home/moenet/ros2_ws_rt/src/custom_msgs/install/custom_msgs/include/custom_msgs/custom_msgs/msg/detail/pose3_d__rosidl_typesupport_fastrtps_c.h
-- Installing: /home/moenet/ros2_ws_rt/src/custom_msgs/install/custom_msgs/include/custom_msgs/custom_msgs/msg/detail/pose3_d_stamped__rosidl_typesupport_fastrtps_c.h
-- Installing: /home/moenet/ros2_ws_rt/src/custom_msgs/install/custom_msgs/include/custom_msgs/custom_msgs/msg/rosidl_typesupport_fastrtps_c__visibility_control.h
-- Installing: /home/moenet/ros2_ws_rt/src/custom_msgs/install/custom_msgs/lib/libcustom_msgs__rosidl_typesupport_fastrtps_c.so
-- Set runtime path of "/home/moenet/ros2_ws_rt/src/custom_msgs/install/custom_msgs/lib/libcustom_msgs__rosidl_typesupport_fastrtps_c.so" to ""
-- Up-to-date: /home/moenet/ros2_ws_rt/src/custom_msgs/install/custom_msgs/include/custom_msgs/custom_msgs
-- Up-to-date: /home/moenet/ros2_ws_rt/src/custom_msgs/install/custom_msgs/include/custom_msgs/custom_msgs/srv
-- Installing: /home/moenet/ros2_ws_rt/src/custom_msgs/install/custom_msgs/include/custom_msgs/custom_msgs/srv/gstam.hpp
-- Installing: /home/moenet/ros2_ws_rt/src/custom_msgs/install/custom_msgs/include/custom_msgs/custom_msgs/srv/publish_to_rio.hpp
-- Installing: /home/moenet/ros2_ws_rt/src/custom_msgs/install/custom_msgs/include/custom_msgs/custom_msgs/srv/get_from_rio.hpp
-- Up-to-date: /home/moenet/ros2_ws_rt/src/custom_msgs/install/custom_msgs/include/custom_msgs/custom_msgs/srv/detail
-- Installing: /home/moenet/ros2_ws_rt/src/custom_msgs/install/custom_msgs/include/custom_msgs/custom_msgs/srv/detail/gstam__traits.hpp
-- Installing: /home/moenet/ros2_ws_rt/src/custom_msgs/install/custom_msgs/include/custom_msgs/custom_msgs/srv/detail/gstam__builder.hpp
-- Installing: /home/moenet/ros2_ws_rt/src/custom_msgs/install/custom_msgs/include/custom_msgs/custom_msgs/srv/detail/publish_to_rio__traits.hpp
-- Installing: /home/moenet/ros2_ws_rt/src/custom_msgs/install/custom_msgs/include/custom_msgs/custom_msgs/srv/detail/get_from_rio__traits.hpp
-- Installing: /home/moenet/ros2_ws_rt/src/custom_msgs/install/custom_msgs/include/custom_msgs/custom_msgs/srv/detail/publish_to_rio__builder.hpp
-- Installing: /home/moenet/ros2_ws_rt/src/custom_msgs/install/custom_msgs/include/custom_msgs/custom_msgs/srv/detail/get_from_rio__builder.hpp
-- Installing: /home/moenet/ros2_ws_rt/src/custom_msgs/install/custom_msgs/include/custom_msgs/custom_msgs/srv/detail/gstam__struct.hpp
-- Installing: /home/moenet/ros2_ws_rt/src/custom_msgs/install/custom_msgs/include/custom_msgs/custom_msgs/srv/detail/get_from_rio__struct.hpp
-- Installing: /home/moenet/ros2_ws_rt/src/custom_msgs/install/custom_msgs/include/custom_msgs/custom_msgs/srv/detail/publish_to_rio__struct.hpp
-- Up-to-date: /home/moenet/ros2_ws_rt/src/custom_msgs/install/custom_msgs/include/custom_msgs/custom_msgs/msg
-- Installing: /home/moenet/ros2_ws_rt/src/custom_msgs/install/custom_msgs/include/custom_msgs/custom_msgs/msg/quaternion.hpp
-- Up-to-date: /home/moenet/ros2_ws_rt/src/custom_msgs/install/custom_msgs/include/custom_msgs/custom_msgs/msg/detail
-- Installing: /home/moenet/ros2_ws_rt/src/custom_msgs/install/custom_msgs/include/custom_msgs/custom_msgs/msg/detail/pose3_d_stamped__builder.hpp
-- Installing: /home/moenet/ros2_ws_rt/src/custom_msgs/install/custom_msgs/include/custom_msgs/custom_msgs/msg/detail/pose3_d__struct.hpp
-- Installing: /home/moenet/ros2_ws_rt/src/custom_msgs/install/custom_msgs/include/custom_msgs/custom_msgs/msg/detail/pose3_d_stamped__struct.hpp
-- Installing: /home/moenet/ros2_ws_rt/src/custom_msgs/install/custom_msgs/include/custom_msgs/custom_msgs/msg/detail/pose3_d__builder.hpp
-- Installing: /home/moenet/ros2_ws_rt/src/custom_msgs/install/custom_msgs/include/custom_msgs/custom_msgs/msg/detail/quaternion__builder.hpp
-- Installing: /home/moenet/ros2_ws_rt/src/custom_msgs/install/custom_msgs/include/custom_msgs/custom_msgs/msg/detail/quaternion__struct.hpp
-- Installing: /home/moenet/ros2_ws_rt/src/custom_msgs/install/custom_msgs/include/custom_msgs/custom_msgs/msg/detail/pose3_d_stamped__traits.hpp
-- Installing: /home/moenet/ros2_ws_rt/src/custom_msgs/install/custom_msgs/include/custom_msgs/custom_msgs/msg/detail/pose3_d__traits.hpp
-- Installing: /home/moenet/ros2_ws_rt/src/custom_msgs/install/custom_msgs/include/custom_msgs/custom_msgs/msg/detail/quaternion__traits.hpp
-- Installing: /home/moenet/ros2_ws_rt/src/custom_msgs/install/custom_msgs/include/custom_msgs/custom_msgs/msg/pose3_d.hpp
-- Installing: /home/moenet/ros2_ws_rt/src/custom_msgs/install/custom_msgs/include/custom_msgs/custom_msgs/msg/pose3_d_stamped.hpp
-- Up-to-date: /home/moenet/ros2_ws_rt/src/custom_msgs/install/custom_msgs/include/custom_msgs/custom_msgs
-- Up-to-date: /home/moenet/ros2_ws_rt/src/custom_msgs/install/custom_msgs/include/custom_msgs/custom_msgs/srv
-- Up-to-date: /home/moenet/ros2_ws_rt/src/custom_msgs/install/custom_msgs/include/custom_msgs/custom_msgs/srv/detail
-- Installing: /home/moenet/ros2_ws_rt/src/custom_msgs/install/custom_msgs/include/custom_msgs/custom_msgs/srv/detail/get_from_rio__rosidl_typesupport_fastrtps_cpp.hpp
-- Installing: /home/moenet/ros2_ws_rt/src/custom_msgs/install/custom_msgs/include/custom_msgs/custom_msgs/srv/detail/publish_to_rio__rosidl_typesupport_fastrtps_cpp.hpp
-- Installing: /home/moenet/ros2_ws_rt/src/custom_msgs/install/custom_msgs/include/custom_msgs/custom_msgs/srv/detail/dds_fastrtps
-- Installing: /home/moenet/ros2_ws_rt/src/custom_msgs/install/custom_msgs/include/custom_msgs/custom_msgs/srv/detail/gstam__rosidl_typesupport_fastrtps_cpp.hpp
-- Up-to-date: /home/moenet/ros2_ws_rt/src/custom_msgs/install/custom_msgs/include/custom_msgs/custom_msgs/msg
-- Up-to-date: /home/moenet/ros2_ws_rt/src/custom_msgs/install/custom_msgs/include/custom_msgs/custom_msgs/msg/detail
-- Installing: /home/moenet/ros2_ws_rt/src/custom_msgs/install/custom_msgs/include/custom_msgs/custom_msgs/msg/detail/dds_fastrtps
-- Installing: /home/moenet/ros2_ws_rt/src/custom_msgs/install/custom_msgs/include/custom_msgs/custom_msgs/msg/detail/quaternion__rosidl_typesupport_fastrtps_cpp.hpp
-- Installing: /home/moenet/ros2_ws_rt/src/custom_msgs/install/custom_msgs/include/custom_msgs/custom_msgs/msg/detail/pose3_d__rosidl_typesupport_fastrtps_cpp.hpp
-- Installing: /home/moenet/ros2_ws_rt/src/custom_msgs/install/custom_msgs/include/custom_msgs/custom_msgs/msg/detail/pose3_d_stamped__rosidl_typesupport_fastrtps_cpp.hpp
-- Installing: /home/moenet/ros2_ws_rt/src/custom_msgs/install/custom_msgs/include/custom_msgs/custom_msgs/msg/rosidl_typesupport_fastrtps_cpp__visibility_control.h
-- Installing: /home/moenet/ros2_ws_rt/src/custom_msgs/install/custom_msgs/lib/libcustom_msgs__rosidl_typesupport_fastrtps_cpp.so
-- Set runtime path of "/home/moenet/ros2_ws_rt/src/custom_msgs/install/custom_msgs/lib/libcustom_msgs__rosidl_typesupport_fastrtps_cpp.so" to ""
-- Up-to-date: /home/moenet/ros2_ws_rt/src/custom_msgs/install/custom_msgs/include/custom_msgs/custom_msgs
-- Up-to-date: /home/moenet/ros2_ws_rt/src/custom_msgs/install/custom_msgs/include/custom_msgs/custom_msgs/srv
-- Up-to-date: /home/moenet/ros2_ws_rt/src/custom_msgs/install/custom_msgs/include/custom_msgs/custom_msgs/srv/detail
-- Installing: /home/moenet/ros2_ws_rt/src/custom_msgs/install/custom_msgs/include/custom_msgs/custom_msgs/srv/detail/get_from_rio__rosidl_typesupport_introspection_c.h
-- Installing: /home/moenet/ros2_ws_rt/src/custom_msgs/install/custom_msgs/include/custom_msgs/custom_msgs/srv/detail/gstam__type_support.c
-- Installing: /home/moenet/ros2_ws_rt/src/custom_msgs/install/custom_msgs/include/custom_msgs/custom_msgs/srv/detail/publish_to_rio__type_support.c
-- Installing: /home/moenet/ros2_ws_rt/src/custom_msgs/install/custom_msgs/include/custom_msgs/custom_msgs/srv/detail/gstam__rosidl_typesupport_introspection_c.h
-- Installing: /home/moenet/ros2_ws_rt/src/custom_msgs/install/custom_msgs/include/custom_msgs/custom_msgs/srv/detail/publish_to_rio__rosidl_typesupport_introspection_c.h
-- Installing: /home/moenet/ros2_ws_rt/src/custom_msgs/install/custom_msgs/include/custom_msgs/custom_msgs/srv/detail/get_from_rio__type_support.c
-- Up-to-date: /home/moenet/ros2_ws_rt/src/custom_msgs/install/custom_msgs/include/custom_msgs/custom_msgs/msg
-- Installing: /home/moenet/ros2_ws_rt/src/custom_msgs/install/custom_msgs/include/custom_msgs/custom_msgs/msg/rosidl_typesupport_introspection_c__visibility_control.h
-- Up-to-date: /home/moenet/ros2_ws_rt/src/custom_msgs/install/custom_msgs/include/custom_msgs/custom_msgs/msg/detail
-- Installing: /home/moenet/ros2_ws_rt/src/custom_msgs/install/custom_msgs/include/custom_msgs/custom_msgs/msg/detail/quaternion__rosidl_typesupport_introspection_c.h
-- Installing: /home/moenet/ros2_ws_rt/src/custom_msgs/install/custom_msgs/include/custom_msgs/custom_msgs/msg/detail/quaternion__type_support.c
-- Installing: /home/moenet/ros2_ws_rt/src/custom_msgs/install/custom_msgs/include/custom_msgs/custom_msgs/msg/detail/pose3_d__type_support.c
-- Installing: /home/moenet/ros2_ws_rt/src/custom_msgs/install/custom_msgs/include/custom_msgs/custom_msgs/msg/detail/pose3_d_stamped__rosidl_typesupport_introspection_c.h
-- Installing: /home/moenet/ros2_ws_rt/src/custom_msgs/install/custom_msgs/include/custom_msgs/custom_msgs/msg/detail/pose3_d_stamped__type_support.c
-- Installing: /home/moenet/ros2_ws_rt/src/custom_msgs/install/custom_msgs/include/custom_msgs/custom_msgs/msg/detail/pose3_d__rosidl_typesupport_introspection_c.h
-- Installing: /home/moenet/ros2_ws_rt/src/custom_msgs/install/custom_msgs/lib/libcustom_msgs__rosidl_typesupport_introspection_c.so
-- Set runtime path of "/home/moenet/ros2_ws_rt/src/custom_msgs/install/custom_msgs/lib/libcustom_msgs__rosidl_typesupport_introspection_c.so" to ""
-- Installing: /home/moenet/ros2_ws_rt/src/custom_msgs/install/custom_msgs/lib/libcustom_msgs__rosidl_typesupport_c.so
-- Set runtime path of "/home/moenet/ros2_ws_rt/src/custom_msgs/install/custom_msgs/lib/libcustom_msgs__rosidl_typesupport_c.so" to ""
-- Up-to-date: /home/moenet/ros2_ws_rt/src/custom_msgs/install/custom_msgs/include/custom_msgs/custom_msgs
-- Up-to-date: /home/moenet/ros2_ws_rt/src/custom_msgs/install/custom_msgs/include/custom_msgs/custom_msgs/srv
-- Up-to-date: /home/moenet/ros2_ws_rt/src/custom_msgs/install/custom_msgs/include/custom_msgs/custom_msgs/srv/detail
-- Installing: /home/moenet/ros2_ws_rt/src/custom_msgs/install/custom_msgs/include/custom_msgs/custom_msgs/srv/detail/get_from_rio__rosidl_typesupport_introspection_cpp.hpp
-- Installing: /home/moenet/ros2_ws_rt/src/custom_msgs/install/custom_msgs/include/custom_msgs/custom_msgs/srv/detail/gstam__rosidl_typesupport_introspection_cpp.hpp
-- Installing: /home/moenet/ros2_ws_rt/src/custom_msgs/install/custom_msgs/include/custom_msgs/custom_msgs/srv/detail/publish_to_rio__rosidl_typesupport_introspection_cpp.hpp
-- Installing: /home/moenet/ros2_ws_rt/src/custom_msgs/install/custom_msgs/include/custom_msgs/custom_msgs/srv/detail/get_from_rio__type_support.cpp
-- Installing: /home/moenet/ros2_ws_rt/src/custom_msgs/install/custom_msgs/include/custom_msgs/custom_msgs/srv/detail/publish_to_rio__type_support.cpp
-- Installing: /home/moenet/ros2_ws_rt/src/custom_msgs/install/custom_msgs/include/custom_msgs/custom_msgs/srv/detail/gstam__type_support.cpp
-- Up-to-date: /home/moenet/ros2_ws_rt/src/custom_msgs/install/custom_msgs/include/custom_msgs/custom_msgs/msg
-- Up-to-date: /home/moenet/ros2_ws_rt/src/custom_msgs/install/custom_msgs/include/custom_msgs/custom_msgs/msg/detail
-- Installing: /home/moenet/ros2_ws_rt/src/custom_msgs/install/custom_msgs/include/custom_msgs/custom_msgs/msg/detail/pose3_d__rosidl_typesupport_introspection_cpp.hpp
-- Installing: /home/moenet/ros2_ws_rt/src/custom_msgs/install/custom_msgs/include/custom_msgs/custom_msgs/msg/detail/pose3_d_stamped__rosidl_typesupport_introspection_cpp.hpp
-- Installing: /home/moenet/ros2_ws_rt/src/custom_msgs/install/custom_msgs/include/custom_msgs/custom_msgs/msg/detail/pose3_d__type_support.cpp
-- Installing: /home/moenet/ros2_ws_rt/src/custom_msgs/install/custom_msgs/include/custom_msgs/custom_msgs/msg/detail/quaternion__rosidl_typesupport_introspection_cpp.hpp
-- Installing: /home/moenet/ros2_ws_rt/src/custom_msgs/install/custom_msgs/include/custom_msgs/custom_msgs/msg/detail/quaternion__type_support.cpp
-- Installing: /home/moenet/ros2_ws_rt/src/custom_msgs/install/custom_msgs/include/custom_msgs/custom_msgs/msg/detail/pose3_d_stamped__type_support.cpp
-- Installing: /home/moenet/ros2_ws_rt/src/custom_msgs/install/custom_msgs/lib/libcustom_msgs__rosidl_typesupport_introspection_cpp.so
-- Set runtime path of "/home/moenet/ros2_ws_rt/src/custom_msgs/install/custom_msgs/lib/libcustom_msgs__rosidl_typesupport_introspection_cpp.so" to ""
-- Installing: /home/moenet/ros2_ws_rt/src/custom_msgs/install/custom_msgs/lib/libcustom_msgs__rosidl_typesupport_cpp.so
-- Set runtime path of "/home/moenet/ros2_ws_rt/src/custom_msgs/install/custom_msgs/lib/libcustom_msgs__rosidl_typesupport_cpp.so" to ""
-- Installing: /home/moenet/ros2_ws_rt/src/custom_msgs/install/custom_msgs/share/custom_msgs/environment/pythonpath.sh
-- Installing: /home/moenet/ros2_ws_rt/src/custom_msgs/install/custom_msgs/share/custom_msgs/environment/pythonpath.dsv
-- Installing: /home/moenet/ros2_ws_rt/src/custom_msgs/install/custom_msgs/local/lib/python3.10/dist-packages/custom_msgs-0.0.0-py3.10.egg-info
-- Installing: /home/moenet/ros2_ws_rt/src/custom_msgs/install/custom_msgs/local/lib/python3.10/dist-packages/custom_msgs-0.0.0-py3.10.egg-info/top_level.txt
-- Installing: /home/moenet/ros2_ws_rt/src/custom_msgs/install/custom_msgs/local/lib/python3.10/dist-packages/custom_msgs-0.0.0-py3.10.egg-info/SOURCES.txt
-- Installing: /home/moenet/ros2_ws_rt/src/custom_msgs/install/custom_msgs/local/lib/python3.10/dist-packages/custom_msgs-0.0.0-py3.10.egg-info/PKG-INFO
-- Installing: /home/moenet/ros2_ws_rt/src/custom_msgs/install/custom_msgs/local/lib/python3.10/dist-packages/custom_msgs-0.0.0-py3.10.egg-info/dependency_links.txt
-- Installing: /home/moenet/ros2_ws_rt/src/custom_msgs/install/custom_msgs/local/lib/python3.10/dist-packages/custom_msgs
-- Installing: /home/moenet/ros2_ws_rt/src/custom_msgs/install/custom_msgs/local/lib/python3.10/dist-packages/custom_msgs/custom_msgs_s__rosidl_typesupport_fastrtps_c.cpython-310-x86_64-linux-gnu.so
-- Installing: /home/moenet/ros2_ws_rt/src/custom_msgs/install/custom_msgs/local/lib/python3.10/dist-packages/custom_msgs/_custom_msgs_s.ep.rosidl_typesupport_c.c
-- Installing: /home/moenet/ros2_ws_rt/src/custom_msgs/install/custom_msgs/local/lib/python3.10/dist-packages/custom_msgs/libcustom_msgs__rosidl_generator_py.so
-- Installing: /home/moenet/ros2_ws_rt/src/custom_msgs/install/custom_msgs/local/lib/python3.10/dist-packages/custom_msgs/custom_msgs_s__rosidl_typesupport_c.cpython-310-x86_64-linux-gnu.so
-- Installing: /home/moenet/ros2_ws_rt/src/custom_msgs/install/custom_msgs/local/lib/python3.10/dist-packages/custom_msgs/srv
-- Installing: /home/moenet/ros2_ws_rt/src/custom_msgs/install/custom_msgs/local/lib/python3.10/dist-packages/custom_msgs/srv/_gstam.py
-- Installing: /home/moenet/ros2_ws_rt/src/custom_msgs/install/custom_msgs/local/lib/python3.10/dist-packages/custom_msgs/srv/__init__.py
-- Installing: /home/moenet/ros2_ws_rt/src/custom_msgs/install/custom_msgs/local/lib/python3.10/dist-packages/custom_msgs/srv/_publish_to_rio.py
-- Installing: /home/moenet/ros2_ws_rt/src/custom_msgs/install/custom_msgs/local/lib/python3.10/dist-packages/custom_msgs/srv/_gstam_s.c
-- Installing: /home/moenet/ros2_ws_rt/src/custom_msgs/install/custom_msgs/local/lib/python3.10/dist-packages/custom_msgs/srv/_publish_to_rio_s.c
-- Installing: /home/moenet/ros2_ws_rt/src/custom_msgs/install/custom_msgs/local/lib/python3.10/dist-packages/custom_msgs/srv/_get_from_rio_s.c
-- Installing: /home/moenet/ros2_ws_rt/src/custom_msgs/install/custom_msgs/local/lib/python3.10/dist-packages/custom_msgs/srv/_get_from_rio.py
-- Installing: /home/moenet/ros2_ws_rt/src/custom_msgs/install/custom_msgs/local/lib/python3.10/dist-packages/custom_msgs/custom_msgs_s__rosidl_typesupport_introspection_c.cpython-310-x86_64-linux-gnu.so
-- Installing: /home/moenet/ros2_ws_rt/src/custom_msgs/install/custom_msgs/local/lib/python3.10/dist-packages/custom_msgs/__init__.py
-- Installing: /home/moenet/ros2_ws_rt/src/custom_msgs/install/custom_msgs/local/lib/python3.10/dist-packages/custom_msgs/msg
-- Installing: /home/moenet/ros2_ws_rt/src/custom_msgs/install/custom_msgs/local/lib/python3.10/dist-packages/custom_msgs/msg/_pose3_d_stamped_s.c
-- Installing: /home/moenet/ros2_ws_rt/src/custom_msgs/install/custom_msgs/local/lib/python3.10/dist-packages/custom_msgs/msg/_pose3_d_stamped.py
-- Installing: /home/moenet/ros2_ws_rt/src/custom_msgs/install/custom_msgs/local/lib/python3.10/dist-packages/custom_msgs/msg/_quaternion_s.c
-- Installing: /home/moenet/ros2_ws_rt/src/custom_msgs/install/custom_msgs/local/lib/python3.10/dist-packages/custom_msgs/msg/_pose3_d_s.c
-- Installing: /home/moenet/ros2_ws_rt/src/custom_msgs/install/custom_msgs/local/lib/python3.10/dist-packages/custom_msgs/msg/_quaternion.py
-- Installing: /home/moenet/ros2_ws_rt/src/custom_msgs/install/custom_msgs/local/lib/python3.10/dist-packages/custom_msgs/msg/_pose3_d.py
-- Installing: /home/moenet/ros2_ws_rt/src/custom_msgs/install/custom_msgs/local/lib/python3.10/dist-packages/custom_msgs/msg/__init__.py
-- Installing: /home/moenet/ros2_ws_rt/src/custom_msgs/install/custom_msgs/local/lib/python3.10/dist-packages/custom_msgs/_custom_msgs_s.ep.rosidl_typesupport_introspection_c.c
-- Installing: /home/moenet/ros2_ws_rt/src/custom_msgs/install/custom_msgs/local/lib/python3.10/dist-packages/custom_msgs/_custom_msgs_s.ep.rosidl_typesupport_fastrtps_c.c
Listing '/home/moenet/ros2_ws_rt/src/custom_msgs/install/custom_msgs/local/lib/python3.10/dist-packages/custom_msgs'...
Compiling '/home/moenet/ros2_ws_rt/src/custom_msgs/install/custom_msgs/local/lib/python3.10/dist-packages/custom_msgs/__init__.py'...
Listing '/home/moenet/ros2_ws_rt/src/custom_msgs/install/custom_msgs/local/lib/python3.10/dist-packages/custom_msgs/msg'...
Compiling '/home/moenet/ros2_ws_rt/src/custom_msgs/install/custom_msgs/local/lib/python3.10/dist-packages/custom_msgs/msg/__init__.py'...
Compiling '/home/moenet/ros2_ws_rt/src/custom_msgs/install/custom_msgs/local/lib/python3.10/dist-packages/custom_msgs/msg/_pose3_d.py'...
Compiling '/home/moenet/ros2_ws_rt/src/custom_msgs/install/custom_msgs/local/lib/python3.10/dist-packages/custom_msgs/msg/_pose3_d_stamped.py'...
Compiling '/home/moenet/ros2_ws_rt/src/custom_msgs/install/custom_msgs/local/lib/python3.10/dist-packages/custom_msgs/msg/_quaternion.py'...
Listing '/home/moenet/ros2_ws_rt/src/custom_msgs/install/custom_msgs/local/lib/python3.10/dist-packages/custom_msgs/srv'...
Compiling '/home/moenet/ros2_ws_rt/src/custom_msgs/install/custom_msgs/local/lib/python3.10/dist-packages/custom_msgs/srv/__init__.py'...
Compiling '/home/moenet/ros2_ws_rt/src/custom_msgs/install/custom_msgs/local/lib/python3.10/dist-packages/custom_msgs/srv/_get_from_rio.py'...
Compiling '/home/moenet/ros2_ws_rt/src/custom_msgs/install/custom_msgs/local/lib/python3.10/dist-packages/custom_msgs/srv/_gstam.py'...
Compiling '/home/moenet/ros2_ws_rt/src/custom_msgs/install/custom_msgs/local/lib/python3.10/dist-packages/custom_msgs/srv/_publish_to_rio.py'...
-- Installing: /home/moenet/ros2_ws_rt/src/custom_msgs/install/custom_msgs/local/lib/python3.10/dist-packages/custom_msgs/custom_msgs_s__rosidl_typesupport_fastrtps_c.cpython-310-x86_64-linux-gnu.so
-- Set runtime path of "/home/moenet/ros2_ws_rt/src/custom_msgs/install/custom_msgs/local/lib/python3.10/dist-packages/custom_msgs/custom_msgs_s__rosidl_typesupport_fastrtps_c.cpython-310-x86_64-linux-gnu.so" to ""
-- Installing: /home/moenet/ros2_ws_rt/src/custom_msgs/install/custom_msgs/local/lib/python3.10/dist-packages/custom_msgs/custom_msgs_s__rosidl_typesupport_introspection_c.cpython-310-x86_64-linux-gnu.so
-- Set runtime path of "/home/moenet/ros2_ws_rt/src/custom_msgs/install/custom_msgs/local/lib/python3.10/dist-packages/custom_msgs/custom_msgs_s__rosidl_typesupport_introspection_c.cpython-310-x86_64-linux-gnu.so" to ""
-- Installing: /home/moenet/ros2_ws_rt/src/custom_msgs/install/custom_msgs/local/lib/python3.10/dist-packages/custom_msgs/custom_msgs_s__rosidl_typesupport_c.cpython-310-x86_64-linux-gnu.so
-- Set runtime path of "/home/moenet/ros2_ws_rt/src/custom_msgs/install/custom_msgs/local/lib/python3.10/dist-packages/custom_msgs/custom_msgs_s__rosidl_typesupport_c.cpython-310-x86_64-linux-gnu.so" to ""
-- Installing: /home/moenet/ros2_ws_rt/src/custom_msgs/install/custom_msgs/lib/libcustom_msgs__rosidl_generator_py.so
-- Set runtime path of "/home/moenet/ros2_ws_rt/src/custom_msgs/install/custom_msgs/lib/libcustom_msgs__rosidl_generator_py.so" to ""
-- Installing: /home/moenet/ros2_ws_rt/src/custom_msgs/install/custom_msgs/share/custom_msgs/msg/Quaternion.idl
-- Installing: /home/moenet/ros2_ws_rt/src/custom_msgs/install/custom_msgs/share/custom_msgs/msg/Pose3D.idl
-- Installing: /home/moenet/ros2_ws_rt/src/custom_msgs/install/custom_msgs/share/custom_msgs/msg/Pose3DStamped.idl
-- Installing: /home/moenet/ros2_ws_rt/src/custom_msgs/install/custom_msgs/share/custom_msgs/srv/Gstam.idl
-- Installing: /home/moenet/ros2_ws_rt/src/custom_msgs/install/custom_msgs/share/custom_msgs/srv/GetFromRio.idl
-- Installing: /home/moenet/ros2_ws_rt/src/custom_msgs/install/custom_msgs/share/custom_msgs/srv/PublishToRio.idl
-- Installing: /home/moenet/ros2_ws_rt/src/custom_msgs/install/custom_msgs/share/custom_msgs/msg/Quaternion.msg
-- Installing: /home/moenet/ros2_ws_rt/src/custom_msgs/install/custom_msgs/share/custom_msgs/msg/Pose3D.msg
-- Installing: /home/moenet/ros2_ws_rt/src/custom_msgs/install/custom_msgs/share/custom_msgs/msg/Pose3DStamped.msg
-- Installing: /home/moenet/ros2_ws_rt/src/custom_msgs/install/custom_msgs/share/custom_msgs/srv/Gstam.srv
-- Installing: /home/moenet/ros2_ws_rt/src/custom_msgs/install/custom_msgs/share/custom_msgs/srv/Gstam_Request.msg
-- Installing: /home/moenet/ros2_ws_rt/src/custom_msgs/install/custom_msgs/share/custom_msgs/srv/Gstam_Response.msg
-- Installing: /home/moenet/ros2_ws_rt/src/custom_msgs/install/custom_msgs/share/custom_msgs/srv/GetFromRio.srv
-- Installing: /home/moenet/ros2_ws_rt/src/custom_msgs/install/custom_msgs/share/custom_msgs/srv/GetFromRio_Request.msg
-- Installing: /home/moenet/ros2_ws_rt/src/custom_msgs/install/custom_msgs/share/custom_msgs/srv/GetFromRio_Response.msg
-- Installing: /home/moenet/ros2_ws_rt/src/custom_msgs/install/custom_msgs/share/custom_msgs/srv/PublishToRio.srv
-- Installing: /home/moenet/ros2_ws_rt/src/custom_msgs/install/custom_msgs/share/custom_msgs/srv/PublishToRio_Request.msg
-- Installing: /home/moenet/ros2_ws_rt/src/custom_msgs/install/custom_msgs/share/custom_msgs/srv/PublishToRio_Response.msg
-- Installing: /home/moenet/ros2_ws_rt/src/custom_msgs/install/custom_msgs/share/ament_index/resource_index/package_run_dependencies/custom_msgs
-- Installing: /home/moenet/ros2_ws_rt/src/custom_msgs/install/custom_msgs/share/ament_index/resource_index/parent_prefix_path/custom_msgs
-- Installing: /home/moenet/ros2_ws_rt/src/custom_msgs/install/custom_msgs/share/custom_msgs/environment/ament_prefix_path.sh
-- Installing: /home/moenet/ros2_ws_rt/src/custom_msgs/install/custom_msgs/share/custom_msgs/environment/ament_prefix_path.dsv
-- Installing: /home/moenet/ros2_ws_rt/src/custom_msgs/install/custom_msgs/share/custom_msgs/environment/path.sh
-- Installing: /home/moenet/ros2_ws_rt/src/custom_msgs/install/custom_msgs/share/custom_msgs/environment/path.dsv
-- Installing: /home/moenet/ros2_ws_rt/src/custom_msgs/install/custom_msgs/share/custom_msgs/local_setup.bash
-- Installing: /home/moenet/ros2_ws_rt/src/custom_msgs/install/custom_msgs/share/custom_msgs/local_setup.sh
-- Installing: /home/moenet/ros2_ws_rt/src/custom_msgs/install/custom_msgs/share/custom_msgs/local_setup.zsh
-- Installing: /home/moenet/ros2_ws_rt/src/custom_msgs/install/custom_msgs/share/custom_msgs/local_setup.dsv
-- Installing: /home/moenet/ros2_ws_rt/src/custom_msgs/install/custom_msgs/share/custom_msgs/package.dsv
-- Installing: /home/moenet/ros2_ws_rt/src/custom_msgs/install/custom_msgs/share/ament_index/resource_index/packages/custom_msgs
-- Installing: /home/moenet/ros2_ws_rt/src/custom_msgs/install/custom_msgs/share/custom_msgs/cmake/export_custom_msgs__rosidl_generator_cExport.cmake
-- Installing: /home/moenet/ros2_ws_rt/src/custom_msgs/install/custom_msgs/share/custom_msgs/cmake/export_custom_msgs__rosidl_generator_cExport-noconfig.cmake
-- Installing: /home/moenet/ros2_ws_rt/src/custom_msgs/install/custom_msgs/share/custom_msgs/cmake/export_custom_msgs__rosidl_typesupport_fastrtps_cExport.cmake
-- Installing: /home/moenet/ros2_ws_rt/src/custom_msgs/install/custom_msgs/share/custom_msgs/cmake/export_custom_msgs__rosidl_typesupport_fastrtps_cExport-noconfig.cmake
-- Installing: /home/moenet/ros2_ws_rt/src/custom_msgs/install/custom_msgs/share/custom_msgs/cmake/export_custom_msgs__rosidl_generator_cppExport.cmake
-- Installing: /home/moenet/ros2_ws_rt/src/custom_msgs/install/custom_msgs/share/custom_msgs/cmake/export_custom_msgs__rosidl_typesupport_fastrtps_cppExport.cmake
-- Installing: /home/moenet/ros2_ws_rt/src/custom_msgs/install/custom_msgs/share/custom_msgs/cmake/export_custom_msgs__rosidl_typesupport_fastrtps_cppExport-noconfig.cmake
-- Installing: /home/moenet/ros2_ws_rt/src/custom_msgs/install/custom_msgs/share/custom_msgs/cmake/custom_msgs__rosidl_typesupport_introspection_cExport.cmake
-- Installing: /home/moenet/ros2_ws_rt/src/custom_msgs/install/custom_msgs/share/custom_msgs/cmake/custom_msgs__rosidl_typesupport_introspection_cExport-noconfig.cmake
-- Installing: /home/moenet/ros2_ws_rt/src/custom_msgs/install/custom_msgs/share/custom_msgs/cmake/custom_msgs__rosidl_typesupport_cExport.cmake
-- Installing: /home/moenet/ros2_ws_rt/src/custom_msgs/install/custom_msgs/share/custom_msgs/cmake/custom_msgs__rosidl_typesupport_cExport-noconfig.cmake
-- Installing: /home/moenet/ros2_ws_rt/src/custom_msgs/install/custom_msgs/share/custom_msgs/cmake/custom_msgs__rosidl_typesupport_introspection_cppExport.cmake
-- Installing: /home/moenet/ros2_ws_rt/src/custom_msgs/install/custom_msgs/share/custom_msgs/cmake/custom_msgs__rosidl_typesupport_introspection_cppExport-noconfig.cmake
-- Installing: /home/moenet/ros2_ws_rt/src/custom_msgs/install/custom_msgs/share/custom_msgs/cmake/custom_msgs__rosidl_typesupport_cppExport.cmake
-- Installing: /home/moenet/ros2_ws_rt/src/custom_msgs/install/custom_msgs/share/custom_msgs/cmake/custom_msgs__rosidl_typesupport_cppExport-noconfig.cmake
-- Installing: /home/moenet/ros2_ws_rt/src/custom_msgs/install/custom_msgs/share/custom_msgs/cmake/export_custom_msgs__rosidl_generator_pyExport.cmake
-- Installing: /home/moenet/ros2_ws_rt/src/custom_msgs/install/custom_msgs/share/custom_msgs/cmake/export_custom_msgs__rosidl_generator_pyExport-noconfig.cmake
-- Installing: /home/moenet/ros2_ws_rt/src/custom_msgs/install/custom_msgs/share/custom_msgs/cmake/rosidl_cmake-extras.cmake
-- Installing: /home/moenet/ros2_ws_rt/src/custom_msgs/install/custom_msgs/share/custom_msgs/cmake/ament_cmake_export_dependencies-extras.cmake
-- Installing: /home/moenet/ros2_ws_rt/src/custom_msgs/install/custom_msgs/share/custom_msgs/cmake/ament_cmake_export_include_directories-extras.cmake
-- Installing: /home/moenet/ros2_ws_rt/src/custom_msgs/install/custom_msgs/share/custom_msgs/cmake/ament_cmake_export_libraries-extras.cmake
-- Installing: /home/moenet/ros2_ws_rt/src/custom_msgs/install/custom_msgs/share/custom_msgs/cmake/ament_cmake_export_targets-extras.cmake
-- Installing: /home/moenet/ros2_ws_rt/src/custom_msgs/install/custom_msgs/share/custom_msgs/cmake/rosidl_cmake_export_typesupport_targets-extras.cmake
-- Installing: /home/moenet/ros2_ws_rt/src/custom_msgs/install/custom_msgs/share/custom_msgs/cmake/rosidl_cmake_export_typesupport_libraries-extras.cmake
-- Installing: /home/moenet/ros2_ws_rt/src/custom_msgs/install/custom_msgs/share/custom_msgs/cmake/custom_msgsConfig.cmake
-- Installing: /home/moenet/ros2_ws_rt/src/custom_msgs/install/custom_msgs/share/custom_msgs/cmake/custom_msgsConfig-version.cmake
-- Installing: /home/moenet/ros2_ws_rt/src/custom_msgs/install/custom_msgs/share/custom_msgs/package.xml
