[0.007s] Invoking command in '/home/moenet/ros2_ws_rt/src/custom_msgs/build/custom_msgs': CMAKE_PREFIX_PATH=${CMAKE_PREFIX_PATH}:/home/moenet/moenet2023-Anand/ros2_ws/install/rtabmap_python:/opt/ros/humble /usr/bin/cmake /home/moenet/ros2_ws_rt/src/custom_msgs -DCMAKE_INSTALL_PREFIX=/home/moenet/ros2_ws_rt/src/custom_msgs/install/custom_msgs
[0.039s] -- The C compiler identification is GNU 11.4.0
[0.071s] -- The CXX compiler identification is GNU 11.4.0
[0.075s] -- Detecting C compiler ABI info
[0.114s] -- Detecting C compiler ABI info - done
[0.118s] -- Check for working C compiler: /usr/bin/cc - skipped
[0.118s] -- Detecting C compile features
[0.118s] -- Detecting C compile features - done
[0.120s] -- Detecting CXX compiler ABI info
[0.166s] -- Detecting CXX compiler ABI info - done
[0.170s] -- Check for working CXX compiler: /usr/bin/c++ - skipped
[0.170s] -- Detecting CXX compile features
[0.170s] -- Detecting CXX compile features - done
[0.172s] -- Found ament_cmake: 1.3.3 (/opt/ros/humble/share/ament_cmake/cmake)
[0.273s] -- Found Python3: /usr/bin/python3.10 (found version "3.10.12") found components: Interpreter 
[0.325s] -- Found geometry_msgs: 4.2.3 (/opt/ros/humble/share/geometry_msgs/cmake)
[0.348s] -- Found rosidl_generator_c: 3.1.4 (/opt/ros/humble/share/rosidl_generator_c/cmake)
[0.351s] -- Found rosidl_adapter: 3.1.4 (/opt/ros/humble/share/rosidl_adapter/cmake)
[0.356s] -- Found rosidl_generator_cpp: 3.1.4 (/opt/ros/humble/share/rosidl_generator_cpp/cmake)
[0.364s] -- Using all available rosidl_typesupport_c: rosidl_typesupport_fastrtps_c;rosidl_typesupport_introspection_c
[0.375s] -- Using all available rosidl_typesupport_cpp: rosidl_typesupport_fastrtps_cpp;rosidl_typesupport_introspection_cpp
[0.444s] -- Found rosidl_default_generators: 1.2.0 (/opt/ros/humble/share/rosidl_default_generators/cmake)
[0.623s] -- Found ament_cmake_ros: 0.10.0 (/opt/ros/humble/share/ament_cmake_ros/cmake)
[0.860s] -- Using all available rosidl_typesupport_c: rosidl_typesupport_fastrtps_c;rosidl_typesupport_introspection_c
[0.952s] -- Using all available rosidl_typesupport_cpp: rosidl_typesupport_fastrtps_cpp;rosidl_typesupport_introspection_cpp
[0.965s] -- Found PythonInterp: /usr/bin/python3 (found suitable version "3.10.12", minimum required is "3.6") 
[0.967s] -- Found python_cmake_module: 0.10.0 (/opt/ros/humble/share/python_cmake_module/cmake)
[0.982s] -- Found PythonLibs: /usr/lib/x86_64-linux-gnu/libpython3.10.so (found suitable version "3.10.12", minimum required is "3.5") 
[0.982s] -- Using PYTHON_EXECUTABLE: /usr/bin/python3
[0.982s] -- Using PYTHON_INCLUDE_DIRS: /usr/include/python3.10
[0.982s] -- Using PYTHON_LIBRARIES: /usr/lib/x86_64-linux-gnu/libpython3.10.so
[0.994s] -- Found PythonExtra: .so  
[1.029s] -- Configuring done
[1.051s] -- Generating done
[1.052s] -- Build files have been written to: /home/moenet/ros2_ws_rt/src/custom_msgs/build/custom_msgs
[1.058s] Invoked command in '/home/moenet/ros2_ws_rt/src/custom_msgs/build/custom_msgs' returned '0': CMAKE_PREFIX_PATH=${CMAKE_PREFIX_PATH}:/home/moenet/moenet2023-Anand/ros2_ws/install/rtabmap_python:/opt/ros/humble /usr/bin/cmake /home/moenet/ros2_ws_rt/src/custom_msgs -DCMAKE_INSTALL_PREFIX=/home/moenet/ros2_ws_rt/src/custom_msgs/install/custom_msgs
[1.059s] Invoking command in '/home/moenet/ros2_ws_rt/src/custom_msgs/build/custom_msgs': CMAKE_PREFIX_PATH=${CMAKE_PREFIX_PATH}:/home/moenet/moenet2023-Anand/ros2_ws/install/rtabmap_python:/opt/ros/humble /usr/bin/cmake --build /home/moenet/ros2_ws_rt/src/custom_msgs/build/custom_msgs -- -j16 -l16
[1.082s] [  1%] [34m[1mGenerating C code for ROS interfaces[0m
[1.088s] [  2%] [34m[1mGenerating C++ code for ROS interfaces[0m
[1.094s] [  2%] Built target ament_cmake_python_copy_custom_msgs
[1.239s] running egg_info
[1.239s] creating custom_msgs.egg-info
[1.239s] writing custom_msgs.egg-info/PKG-INFO
[1.240s] writing dependency_links to custom_msgs.egg-info/dependency_links.txt
[1.240s] writing top-level names to custom_msgs.egg-info/top_level.txt
[1.240s] writing manifest file 'custom_msgs.egg-info/SOURCES.txt'
[1.241s] reading manifest file 'custom_msgs.egg-info/SOURCES.txt'
[1.241s] writing manifest file 'custom_msgs.egg-info/SOURCES.txt'
[1.259s] [  2%] Built target ament_cmake_python_build_custom_msgs_egg
[1.415s] [  2%] Built target custom_msgs__cpp
[1.422s] [  4%] [34m[1mGenerating C++ type support dispatch for ROS interfaces[0m
[1.422s] [  7%] [34m[1mGenerating C++ introspection for ROS interfaces[0m
[1.422s] [  5%] [34m[1mGenerating C++ type support for eProsima Fast-RTPS[0m
[1.432s] [  8%] [32mBuilding C object CMakeFiles/custom_msgs__rosidl_generator_c.dir/rosidl_generator_c/custom_msgs/msg/detail/quaternion__functions.c.o[0m
[1.433s] [  9%] [32mBuilding C object CMakeFiles/custom_msgs__rosidl_generator_c.dir/rosidl_generator_c/custom_msgs/msg/detail/pose3_d__functions.c.o[0m
[1.433s] [ 11%] [32mBuilding C object CMakeFiles/custom_msgs__rosidl_generator_c.dir/rosidl_generator_c/custom_msgs/srv/detail/get_from_rio__functions.c.o[0m
[1.433s] [ 15%] [32mBuilding C object CMakeFiles/custom_msgs__rosidl_generator_c.dir/rosidl_generator_c/custom_msgs/msg/detail/pose3_d_stamped__functions.c.o[0m
[1.433s] [ 15%] [32mBuilding C object CMakeFiles/custom_msgs__rosidl_generator_c.dir/rosidl_generator_c/custom_msgs/srv/detail/gstam__functions.c.o[0m
[1.434s] [ 15%] [32mBuilding C object CMakeFiles/custom_msgs__rosidl_generator_c.dir/rosidl_generator_c/custom_msgs/srv/detail/publish_to_rio__functions.c.o[0m
[1.490s] [ 16%] [32m[1mLinking C shared library libcustom_msgs__rosidl_generator_c.so[0m
[1.515s] [ 16%] Built target custom_msgs__rosidl_generator_c
[1.522s] [ 18%] [34m[1mGenerating C type support for eProsima Fast-RTPS[0m
[1.525s] [ 21%] [34m[1mGenerating C introspection for ROS interfaces[0m
[1.525s] [ 21%] [34m[1mGenerating C type support dispatch for ROS interfaces[0m
[1.672s] [ 22%] [32mBuilding CXX object CMakeFiles/custom_msgs__rosidl_typesupport_cpp.dir/rosidl_typesupport_cpp/custom_msgs/msg/quaternion__type_support.cpp.o[0m
[1.674s] [ 25%] [32mBuilding CXX object CMakeFiles/custom_msgs__rosidl_typesupport_cpp.dir/rosidl_typesupport_cpp/custom_msgs/msg/pose3_d__type_support.cpp.o[0m
[1.674s] [ 25%] [32mBuilding CXX object CMakeFiles/custom_msgs__rosidl_typesupport_cpp.dir/rosidl_typesupport_cpp/custom_msgs/msg/pose3_d_stamped__type_support.cpp.o[0m
[1.674s] [ 26%] [32mBuilding CXX object CMakeFiles/custom_msgs__rosidl_typesupport_cpp.dir/rosidl_typesupport_cpp/custom_msgs/srv/get_from_rio__type_support.cpp.o[0m
[1.674s] [ 28%] [32mBuilding CXX object CMakeFiles/custom_msgs__rosidl_typesupport_cpp.dir/rosidl_typesupport_cpp/custom_msgs/srv/gstam__type_support.cpp.o[0m
[1.674s] [ 29%] [32mBuilding CXX object CMakeFiles/custom_msgs__rosidl_typesupport_cpp.dir/rosidl_typesupport_cpp/custom_msgs/srv/publish_to_rio__type_support.cpp.o[0m
[1.726s] [ 33%] [32mBuilding CXX object CMakeFiles/custom_msgs__rosidl_typesupport_introspection_cpp.dir/rosidl_typesupport_introspection_cpp/custom_msgs/msg/detail/pose3_d_stamped__type_support.cpp.o[0m
[1.726s] [ 33%] [32mBuilding CXX object CMakeFiles/custom_msgs__rosidl_typesupport_introspection_cpp.dir/rosidl_typesupport_introspection_cpp/custom_msgs/msg/detail/quaternion__type_support.cpp.o[0m
[1.726s] [ 35%] [32mBuilding CXX object CMakeFiles/custom_msgs__rosidl_typesupport_introspection_cpp.dir/rosidl_typesupport_introspection_cpp/custom_msgs/srv/detail/gstam__type_support.cpp.o[0m
[1.726s] [ 35%] [32mBuilding CXX object CMakeFiles/custom_msgs__rosidl_typesupport_introspection_cpp.dir/rosidl_typesupport_introspection_cpp/custom_msgs/msg/detail/pose3_d__type_support.cpp.o[0m
[1.726s] [ 36%] [32mBuilding CXX object CMakeFiles/custom_msgs__rosidl_typesupport_introspection_cpp.dir/rosidl_typesupport_introspection_cpp/custom_msgs/srv/detail/get_from_rio__type_support.cpp.o[0m
[1.730s] [ 38%] [32mBuilding CXX object CMakeFiles/custom_msgs__rosidl_typesupport_introspection_cpp.dir/rosidl_typesupport_introspection_cpp/custom_msgs/srv/detail/publish_to_rio__type_support.cpp.o[0m
[1.913s] [ 39%] [32mBuilding CXX object CMakeFiles/custom_msgs__rosidl_typesupport_fastrtps_cpp.dir/rosidl_typesupport_fastrtps_cpp/custom_msgs/msg/detail/dds_fastrtps/quaternion__type_support.cpp.o[0m
[1.947s] [ 40%] [32mBuilding CXX object CMakeFiles/custom_msgs__rosidl_typesupport_fastrtps_cpp.dir/rosidl_typesupport_fastrtps_cpp/custom_msgs/msg/detail/dds_fastrtps/pose3_d__type_support.cpp.o[0m
[1.963s] [ 42%] [32mBuilding CXX object CMakeFiles/custom_msgs__rosidl_typesupport_c.dir/rosidl_typesupport_c/custom_msgs/msg/quaternion__type_support.cpp.o[0m
[1.991s] [ 43%] [32mBuilding CXX object CMakeFiles/custom_msgs__rosidl_typesupport_fastrtps_cpp.dir/rosidl_typesupport_fastrtps_cpp/custom_msgs/msg/detail/dds_fastrtps/pose3_d_stamped__type_support.cpp.o[0m
[1.998s] [ 46%] [32mBuilding CXX object CMakeFiles/custom_msgs__rosidl_typesupport_c.dir/rosidl_typesupport_c/custom_msgs/msg/pose3_d__type_support.cpp.o[0m
[1.998s] [ 46%] [32m[1mLinking CXX shared library libcustom_msgs__rosidl_typesupport_cpp.so[0m
[2.001s] [ 47%] [32mBuilding CXX object CMakeFiles/custom_msgs__rosidl_typesupport_c.dir/rosidl_typesupport_c/custom_msgs/srv/gstam__type_support.cpp.o[0m
[2.003s] [ 49%] [32mBuilding CXX object CMakeFiles/custom_msgs__rosidl_typesupport_fastrtps_cpp.dir/rosidl_typesupport_fastrtps_cpp/custom_msgs/srv/detail/dds_fastrtps/gstam__type_support.cpp.o[0m
[2.007s] [ 50%] [32mBuilding CXX object CMakeFiles/custom_msgs__rosidl_typesupport_c.dir/rosidl_typesupport_c/custom_msgs/msg/pose3_d_stamped__type_support.cpp.o[0m
[2.016s] [ 52%] [32mBuilding CXX object CMakeFiles/custom_msgs__rosidl_typesupport_fastrtps_c.dir/rosidl_typesupport_fastrtps_c/custom_msgs/msg/detail/quaternion__type_support_c.cpp.o[0m
[2.035s] [ 53%] [32mBuilding CXX object CMakeFiles/custom_msgs__rosidl_typesupport_c.dir/rosidl_typesupport_c/custom_msgs/srv/get_from_rio__type_support.cpp.o[0m
[2.050s] [ 53%] Built target custom_msgs__rosidl_typesupport_cpp
[2.051s] [ 54%] [32mBuilding CXX object CMakeFiles/custom_msgs__rosidl_typesupport_c.dir/rosidl_typesupport_c/custom_msgs/srv/publish_to_rio__type_support.cpp.o[0m
[2.052s] [ 56%] [32mBuilding CXX object CMakeFiles/custom_msgs__rosidl_typesupport_fastrtps_cpp.dir/rosidl_typesupport_fastrtps_cpp/custom_msgs/srv/detail/dds_fastrtps/get_from_rio__type_support.cpp.o[0m
[2.079s] [ 57%] [32mBuilding CXX object CMakeFiles/custom_msgs__rosidl_typesupport_fastrtps_cpp.dir/rosidl_typesupport_fastrtps_cpp/custom_msgs/srv/detail/dds_fastrtps/publish_to_rio__type_support.cpp.o[0m
[2.087s] [ 59%] [32m[1mLinking CXX shared library libcustom_msgs__rosidl_typesupport_c.so[0m
[2.090s] [ 60%] [32mBuilding CXX object CMakeFiles/custom_msgs__rosidl_typesupport_fastrtps_c.dir/rosidl_typesupport_fastrtps_c/custom_msgs/msg/detail/pose3_d__type_support_c.cpp.o[0m
[2.107s] [ 61%] [32mBuilding C object CMakeFiles/custom_msgs__rosidl_typesupport_introspection_c.dir/rosidl_typesupport_introspection_c/custom_msgs/msg/detail/quaternion__type_support.c.o[0m
[2.126s] [ 63%] [32mBuilding C object CMakeFiles/custom_msgs__rosidl_typesupport_introspection_c.dir/rosidl_typesupport_introspection_c/custom_msgs/msg/detail/pose3_d__type_support.c.o[0m
[2.137s] [ 63%] Built target custom_msgs__rosidl_typesupport_c
[2.145s] [ 64%] [32mBuilding C object CMakeFiles/custom_msgs__rosidl_typesupport_introspection_c.dir/rosidl_typesupport_introspection_c/custom_msgs/msg/detail/pose3_d_stamped__type_support.c.o[0m
[2.148s] [ 66%] [32mBuilding C object CMakeFiles/custom_msgs__rosidl_typesupport_introspection_c.dir/rosidl_typesupport_introspection_c/custom_msgs/srv/detail/gstam__type_support.c.o[0m
[2.168s] [ 67%] [32mBuilding CXX object CMakeFiles/custom_msgs__rosidl_typesupport_fastrtps_c.dir/rosidl_typesupport_fastrtps_c/custom_msgs/msg/detail/pose3_d_stamped__type_support_c.cpp.o[0m
[2.172s] [ 69%] [32mBuilding C object CMakeFiles/custom_msgs__rosidl_typesupport_introspection_c.dir/rosidl_typesupport_introspection_c/custom_msgs/srv/detail/get_from_rio__type_support.c.o[0m
[2.176s] [ 70%] [32mBuilding C object CMakeFiles/custom_msgs__rosidl_typesupport_introspection_c.dir/rosidl_typesupport_introspection_c/custom_msgs/srv/detail/publish_to_rio__type_support.c.o[0m
[2.184s] [ 71%] [32mBuilding CXX object CMakeFiles/custom_msgs__rosidl_typesupport_fastrtps_c.dir/rosidl_typesupport_fastrtps_c/custom_msgs/srv/detail/gstam__type_support_c.cpp.o[0m
[2.190s] [ 73%] [32mBuilding CXX object CMakeFiles/custom_msgs__rosidl_typesupport_fastrtps_c.dir/rosidl_typesupport_fastrtps_c/custom_msgs/srv/detail/get_from_rio__type_support_c.cpp.o[0m
[2.199s] [ 74%] [32mBuilding CXX object CMakeFiles/custom_msgs__rosidl_typesupport_fastrtps_c.dir/rosidl_typesupport_fastrtps_c/custom_msgs/srv/detail/publish_to_rio__type_support_c.cpp.o[0m
[2.205s] [ 76%] [32m[1mLinking CXX shared library libcustom_msgs__rosidl_typesupport_introspection_cpp.so[0m
[2.233s] [ 77%] [32m[1mLinking C shared library libcustom_msgs__rosidl_typesupport_introspection_c.so[0m
[2.272s] [ 77%] Built target custom_msgs__rosidl_typesupport_introspection_c
[2.294s] [ 77%] Built target custom_msgs__rosidl_typesupport_introspection_cpp
[2.478s] [ 78%] [32m[1mLinking CXX shared library libcustom_msgs__rosidl_typesupport_fastrtps_cpp.so[0m
[2.523s] [ 80%] [32m[1mLinking CXX shared library libcustom_msgs__rosidl_typesupport_fastrtps_c.so[0m
[2.528s] [ 80%] Built target custom_msgs__rosidl_typesupport_fastrtps_cpp
[2.569s] [ 80%] Built target custom_msgs__rosidl_typesupport_fastrtps_c
[2.581s] [ 80%] Built target custom_msgs
[2.593s] [ 81%] [34m[1mGenerating Python code for ROS interfaces[0m
[3.057s] [ 81%] Built target custom_msgs__py
[3.070s] [ 85%] [32mBuilding C object CMakeFiles/custom_msgs__rosidl_generator_py.dir/rosidl_generator_py/custom_msgs/msg/_quaternion_s.c.o[0m
[3.070s] [ 85%] [32mBuilding C object CMakeFiles/custom_msgs__rosidl_generator_py.dir/rosidl_generator_py/custom_msgs/msg/_pose3_d_s.c.o[0m
[3.070s] [ 87%] [32mBuilding C object CMakeFiles/custom_msgs__rosidl_generator_py.dir/rosidl_generator_py/custom_msgs/srv/_gstam_s.c.o[0m
[3.070s] [ 87%] [32mBuilding C object CMakeFiles/custom_msgs__rosidl_generator_py.dir/rosidl_generator_py/custom_msgs/msg/_pose3_d_stamped_s.c.o[0m
[3.072s] [ 88%] [32mBuilding C object CMakeFiles/custom_msgs__rosidl_generator_py.dir/rosidl_generator_py/custom_msgs/srv/_get_from_rio_s.c.o[0m
[3.072s] [ 90%] [32mBuilding C object CMakeFiles/custom_msgs__rosidl_generator_py.dir/rosidl_generator_py/custom_msgs/srv/_publish_to_rio_s.c.o[0m
[3.155s] [ 91%] [32m[1mLinking C shared library rosidl_generator_py/custom_msgs/libcustom_msgs__rosidl_generator_py.so[0m
[3.179s] [ 91%] Built target custom_msgs__rosidl_generator_py
[3.193s] [ 95%] [32mBuilding C object CMakeFiles/custom_msgs__rosidl_typesupport_introspection_c__pyext.dir/rosidl_generator_py/custom_msgs/_custom_msgs_s.ep.rosidl_typesupport_introspection_c.c.o[0m
[3.193s] [ 95%] [32mBuilding C object CMakeFiles/custom_msgs__rosidl_typesupport_c__pyext.dir/rosidl_generator_py/custom_msgs/_custom_msgs_s.ep.rosidl_typesupport_c.c.o[0m
[3.193s] [ 95%] [32mBuilding C object CMakeFiles/custom_msgs__rosidl_typesupport_fastrtps_c__pyext.dir/rosidl_generator_py/custom_msgs/_custom_msgs_s.ep.rosidl_typesupport_fastrtps_c.c.o[0m
[3.269s] [100%] [32m[1mLinking C shared library rosidl_generator_py/custom_msgs/custom_msgs_s__rosidl_typesupport_c.cpython-310-x86_64-linux-gnu.so[0m
[3.269s] [100%] [32m[1mLinking C shared library rosidl_generator_py/custom_msgs/custom_msgs_s__rosidl_typesupport_introspection_c.cpython-310-x86_64-linux-gnu.so[0m
[3.270s] [100%] [32m[1mLinking C shared library rosidl_generator_py/custom_msgs/custom_msgs_s__rosidl_typesupport_fastrtps_c.cpython-310-x86_64-linux-gnu.so[0m
[3.296s] [100%] Built target custom_msgs__rosidl_typesupport_c__pyext
[3.296s] [100%] Built target custom_msgs__rosidl_typesupport_introspection_c__pyext
[3.296s] [100%] Built target custom_msgs__rosidl_typesupport_fastrtps_c__pyext
[3.304s] Invoked command in '/home/moenet/ros2_ws_rt/src/custom_msgs/build/custom_msgs' returned '0': CMAKE_PREFIX_PATH=${CMAKE_PREFIX_PATH}:/home/moenet/moenet2023-Anand/ros2_ws/install/rtabmap_python:/opt/ros/humble /usr/bin/cmake --build /home/moenet/ros2_ws_rt/src/custom_msgs/build/custom_msgs -- -j16 -l16
[3.395s] Invoking command in '/home/moenet/ros2_ws_rt/src/custom_msgs/build/custom_msgs': CMAKE_PREFIX_PATH=${CMAKE_PREFIX_PATH}:/home/moenet/moenet2023-Anand/ros2_ws/install/rtabmap_python:/opt/ros/humble /usr/bin/cmake --install /home/moenet/ros2_ws_rt/src/custom_msgs/build/custom_msgs
[3.400s] -- Install configuration: ""
[3.400s] -- Installing: /home/moenet/ros2_ws_rt/src/custom_msgs/install/custom_msgs/share/ament_index/resource_index/rosidl_interfaces/custom_msgs
[3.401s] -- Installing: /home/moenet/ros2_ws_rt/src/custom_msgs/install/custom_msgs/include/custom_msgs/custom_msgs
[3.401s] -- Installing: /home/moenet/ros2_ws_rt/src/custom_msgs/install/custom_msgs/include/custom_msgs/custom_msgs/srv
[3.401s] -- Installing: /home/moenet/ros2_ws_rt/src/custom_msgs/install/custom_msgs/include/custom_msgs/custom_msgs/srv/get_from_rio.h
[3.401s] -- Installing: /home/moenet/ros2_ws_rt/src/custom_msgs/install/custom_msgs/include/custom_msgs/custom_msgs/srv/publish_to_rio.h
[3.401s] -- Installing: /home/moenet/ros2_ws_rt/src/custom_msgs/install/custom_msgs/include/custom_msgs/custom_msgs/srv/detail
[3.401s] -- Installing: /home/moenet/ros2_ws_rt/src/custom_msgs/install/custom_msgs/include/custom_msgs/custom_msgs/srv/detail/gstam__type_support.h
[3.401s] -- Installing: /home/moenet/ros2_ws_rt/src/custom_msgs/install/custom_msgs/include/custom_msgs/custom_msgs/srv/detail/publish_to_rio__struct.h
[3.401s] -- Installing: /home/moenet/ros2_ws_rt/src/custom_msgs/install/custom_msgs/include/custom_msgs/custom_msgs/srv/detail/get_from_rio__type_support.h
[3.401s] -- Installing: /home/moenet/ros2_ws_rt/src/custom_msgs/install/custom_msgs/include/custom_msgs/custom_msgs/srv/detail/publish_to_rio__type_support.h
[3.402s] -- Installing: /home/moenet/ros2_ws_rt/src/custom_msgs/install/custom_msgs/include/custom_msgs/custom_msgs/srv/detail/get_from_rio__functions.h
[3.402s] -- Installing: /home/moenet/ros2_ws_rt/src/custom_msgs/install/custom_msgs/include/custom_msgs/custom_msgs/srv/detail/gstam__functions.h
[3.402s] -- Installing: /home/moenet/ros2_ws_rt/src/custom_msgs/install/custom_msgs/include/custom_msgs/custom_msgs/srv/detail/get_from_rio__functions.c
[3.402s] -- Installing: /home/moenet/ros2_ws_rt/src/custom_msgs/install/custom_msgs/include/custom_msgs/custom_msgs/srv/detail/get_from_rio__struct.h
[3.402s] -- Installing: /home/moenet/ros2_ws_rt/src/custom_msgs/install/custom_msgs/include/custom_msgs/custom_msgs/srv/detail/publish_to_rio__functions.c
[3.402s] -- Installing: /home/moenet/ros2_ws_rt/src/custom_msgs/install/custom_msgs/include/custom_msgs/custom_msgs/srv/detail/gstam__struct.h
[3.402s] -- Installing: /home/moenet/ros2_ws_rt/src/custom_msgs/install/custom_msgs/include/custom_msgs/custom_msgs/srv/detail/publish_to_rio__functions.h
[3.403s] -- Installing: /home/moenet/ros2_ws_rt/src/custom_msgs/install/custom_msgs/include/custom_msgs/custom_msgs/srv/detail/gstam__functions.c
[3.403s] -- Installing: /home/moenet/ros2_ws_rt/src/custom_msgs/install/custom_msgs/include/custom_msgs/custom_msgs/srv/gstam.h
[3.403s] -- Installing: /home/moenet/ros2_ws_rt/src/custom_msgs/install/custom_msgs/include/custom_msgs/custom_msgs/msg
[3.403s] -- Installing: /home/moenet/ros2_ws_rt/src/custom_msgs/install/custom_msgs/include/custom_msgs/custom_msgs/msg/pose3_d_stamped.h
[3.403s] -- Installing: /home/moenet/ros2_ws_rt/src/custom_msgs/install/custom_msgs/include/custom_msgs/custom_msgs/msg/pose3_d.h
[3.403s] -- Installing: /home/moenet/ros2_ws_rt/src/custom_msgs/install/custom_msgs/include/custom_msgs/custom_msgs/msg/quaternion.h
[3.403s] -- Installing: /home/moenet/ros2_ws_rt/src/custom_msgs/install/custom_msgs/include/custom_msgs/custom_msgs/msg/detail
[3.403s] -- Installing: /home/moenet/ros2_ws_rt/src/custom_msgs/install/custom_msgs/include/custom_msgs/custom_msgs/msg/detail/pose3_d_stamped__functions.h
[3.403s] -- Installing: /home/moenet/ros2_ws_rt/src/custom_msgs/install/custom_msgs/include/custom_msgs/custom_msgs/msg/detail/quaternion__functions.h
[3.403s] -- Installing: /home/moenet/ros2_ws_rt/src/custom_msgs/install/custom_msgs/include/custom_msgs/custom_msgs/msg/detail/quaternion__type_support.h
[3.403s] -- Installing: /home/moenet/ros2_ws_rt/src/custom_msgs/install/custom_msgs/include/custom_msgs/custom_msgs/msg/detail/pose3_d__struct.h
[3.403s] -- Installing: /home/moenet/ros2_ws_rt/src/custom_msgs/install/custom_msgs/include/custom_msgs/custom_msgs/msg/detail/pose3_d__type_support.h
[3.404s] -- Installing: /home/moenet/ros2_ws_rt/src/custom_msgs/install/custom_msgs/include/custom_msgs/custom_msgs/msg/detail/quaternion__struct.h
[3.404s] -- Installing: /home/moenet/ros2_ws_rt/src/custom_msgs/install/custom_msgs/include/custom_msgs/custom_msgs/msg/detail/pose3_d_stamped__struct.h
[3.404s] -- Installing: /home/moenet/ros2_ws_rt/src/custom_msgs/install/custom_msgs/include/custom_msgs/custom_msgs/msg/detail/pose3_d__functions.c
[3.404s] -- Installing: /home/moenet/ros2_ws_rt/src/custom_msgs/install/custom_msgs/include/custom_msgs/custom_msgs/msg/detail/quaternion__functions.c
[3.404s] -- Installing: /home/moenet/ros2_ws_rt/src/custom_msgs/install/custom_msgs/include/custom_msgs/custom_msgs/msg/detail/pose3_d_stamped__functions.c
[3.404s] -- Installing: /home/moenet/ros2_ws_rt/src/custom_msgs/install/custom_msgs/include/custom_msgs/custom_msgs/msg/detail/pose3_d__functions.h
[3.404s] -- Installing: /home/moenet/ros2_ws_rt/src/custom_msgs/install/custom_msgs/include/custom_msgs/custom_msgs/msg/detail/pose3_d_stamped__type_support.h
[3.404s] -- Installing: /home/moenet/ros2_ws_rt/src/custom_msgs/install/custom_msgs/include/custom_msgs/custom_msgs/msg/rosidl_generator_c__visibility_control.h
[3.404s] -- Installing: /home/moenet/ros2_ws_rt/src/custom_msgs/install/custom_msgs/share/custom_msgs/environment/library_path.sh
[3.404s] -- Installing: /home/moenet/ros2_ws_rt/src/custom_msgs/install/custom_msgs/share/custom_msgs/environment/library_path.dsv
[3.404s] -- Installing: /home/moenet/ros2_ws_rt/src/custom_msgs/install/custom_msgs/lib/libcustom_msgs__rosidl_generator_c.so
[3.404s] -- Set runtime path of "/home/moenet/ros2_ws_rt/src/custom_msgs/install/custom_msgs/lib/libcustom_msgs__rosidl_generator_c.so" to ""
[3.404s] -- Up-to-date: /home/moenet/ros2_ws_rt/src/custom_msgs/install/custom_msgs/include/custom_msgs/custom_msgs
[3.405s] -- Up-to-date: /home/moenet/ros2_ws_rt/src/custom_msgs/install/custom_msgs/include/custom_msgs/custom_msgs/srv
[3.405s] -- Up-to-date: /home/moenet/ros2_ws_rt/src/custom_msgs/install/custom_msgs/include/custom_msgs/custom_msgs/srv/detail
[3.405s] -- Installing: /home/moenet/ros2_ws_rt/src/custom_msgs/install/custom_msgs/include/custom_msgs/custom_msgs/srv/detail/get_from_rio__rosidl_typesupport_fastrtps_c.h
[3.405s] -- Installing: /home/moenet/ros2_ws_rt/src/custom_msgs/install/custom_msgs/include/custom_msgs/custom_msgs/srv/detail/publish_to_rio__rosidl_typesupport_fastrtps_c.h
[3.405s] -- Installing: /home/moenet/ros2_ws_rt/src/custom_msgs/install/custom_msgs/include/custom_msgs/custom_msgs/srv/detail/gstam__rosidl_typesupport_fastrtps_c.h
[3.405s] -- Up-to-date: /home/moenet/ros2_ws_rt/src/custom_msgs/install/custom_msgs/include/custom_msgs/custom_msgs/msg
[3.405s] -- Up-to-date: /home/moenet/ros2_ws_rt/src/custom_msgs/install/custom_msgs/include/custom_msgs/custom_msgs/msg/detail
[3.405s] -- Installing: /home/moenet/ros2_ws_rt/src/custom_msgs/install/custom_msgs/include/custom_msgs/custom_msgs/msg/detail/quaternion__rosidl_typesupport_fastrtps_c.h
[3.405s] -- Installing: /home/moenet/ros2_ws_rt/src/custom_msgs/install/custom_msgs/include/custom_msgs/custom_msgs/msg/detail/pose3_d__rosidl_typesupport_fastrtps_c.h
[3.405s] -- Installing: /home/moenet/ros2_ws_rt/src/custom_msgs/install/custom_msgs/include/custom_msgs/custom_msgs/msg/detail/pose3_d_stamped__rosidl_typesupport_fastrtps_c.h
[3.405s] -- Installing: /home/moenet/ros2_ws_rt/src/custom_msgs/install/custom_msgs/include/custom_msgs/custom_msgs/msg/rosidl_typesupport_fastrtps_c__visibility_control.h
[3.405s] -- Installing: /home/moenet/ros2_ws_rt/src/custom_msgs/install/custom_msgs/lib/libcustom_msgs__rosidl_typesupport_fastrtps_c.so
[3.406s] -- Set runtime path of "/home/moenet/ros2_ws_rt/src/custom_msgs/install/custom_msgs/lib/libcustom_msgs__rosidl_typesupport_fastrtps_c.so" to ""
[3.406s] -- Up-to-date: /home/moenet/ros2_ws_rt/src/custom_msgs/install/custom_msgs/include/custom_msgs/custom_msgs
[3.406s] -- Up-to-date: /home/moenet/ros2_ws_rt/src/custom_msgs/install/custom_msgs/include/custom_msgs/custom_msgs/srv
[3.406s] -- Installing: /home/moenet/ros2_ws_rt/src/custom_msgs/install/custom_msgs/include/custom_msgs/custom_msgs/srv/gstam.hpp
[3.406s] -- Installing: /home/moenet/ros2_ws_rt/src/custom_msgs/install/custom_msgs/include/custom_msgs/custom_msgs/srv/publish_to_rio.hpp
[3.406s] -- Installing: /home/moenet/ros2_ws_rt/src/custom_msgs/install/custom_msgs/include/custom_msgs/custom_msgs/srv/get_from_rio.hpp
[3.406s] -- Up-to-date: /home/moenet/ros2_ws_rt/src/custom_msgs/install/custom_msgs/include/custom_msgs/custom_msgs/srv/detail
[3.406s] -- Installing: /home/moenet/ros2_ws_rt/src/custom_msgs/install/custom_msgs/include/custom_msgs/custom_msgs/srv/detail/gstam__traits.hpp
[3.406s] -- Installing: /home/moenet/ros2_ws_rt/src/custom_msgs/install/custom_msgs/include/custom_msgs/custom_msgs/srv/detail/gstam__builder.hpp
[3.406s] -- Installing: /home/moenet/ros2_ws_rt/src/custom_msgs/install/custom_msgs/include/custom_msgs/custom_msgs/srv/detail/publish_to_rio__traits.hpp
[3.406s] -- Installing: /home/moenet/ros2_ws_rt/src/custom_msgs/install/custom_msgs/include/custom_msgs/custom_msgs/srv/detail/get_from_rio__traits.hpp
[3.406s] -- Installing: /home/moenet/ros2_ws_rt/src/custom_msgs/install/custom_msgs/include/custom_msgs/custom_msgs/srv/detail/publish_to_rio__builder.hpp
[3.406s] -- Installing: /home/moenet/ros2_ws_rt/src/custom_msgs/install/custom_msgs/include/custom_msgs/custom_msgs/srv/detail/get_from_rio__builder.hpp
[3.406s] -- Installing: /home/moenet/ros2_ws_rt/src/custom_msgs/install/custom_msgs/include/custom_msgs/custom_msgs/srv/detail/gstam__struct.hpp
[3.406s] -- Installing: /home/moenet/ros2_ws_rt/src/custom_msgs/install/custom_msgs/include/custom_msgs/custom_msgs/srv/detail/get_from_rio__struct.hpp
[3.406s] -- Installing: /home/moenet/ros2_ws_rt/src/custom_msgs/install/custom_msgs/include/custom_msgs/custom_msgs/srv/detail/publish_to_rio__struct.hpp
[3.406s] -- Up-to-date: /home/moenet/ros2_ws_rt/src/custom_msgs/install/custom_msgs/include/custom_msgs/custom_msgs/msg
[3.406s] -- Installing: /home/moenet/ros2_ws_rt/src/custom_msgs/install/custom_msgs/include/custom_msgs/custom_msgs/msg/quaternion.hpp
[3.407s] -- Up-to-date: /home/moenet/ros2_ws_rt/src/custom_msgs/install/custom_msgs/include/custom_msgs/custom_msgs/msg/detail
[3.407s] -- Installing: /home/moenet/ros2_ws_rt/src/custom_msgs/install/custom_msgs/include/custom_msgs/custom_msgs/msg/detail/pose3_d_stamped__builder.hpp
[3.407s] -- Installing: /home/moenet/ros2_ws_rt/src/custom_msgs/install/custom_msgs/include/custom_msgs/custom_msgs/msg/detail/pose3_d__struct.hpp
[3.407s] -- Installing: /home/moenet/ros2_ws_rt/src/custom_msgs/install/custom_msgs/include/custom_msgs/custom_msgs/msg/detail/pose3_d_stamped__struct.hpp
[3.407s] -- Installing: /home/moenet/ros2_ws_rt/src/custom_msgs/install/custom_msgs/include/custom_msgs/custom_msgs/msg/detail/pose3_d__builder.hpp
[3.407s] -- Installing: /home/moenet/ros2_ws_rt/src/custom_msgs/install/custom_msgs/include/custom_msgs/custom_msgs/msg/detail/quaternion__builder.hpp
[3.407s] -- Installing: /home/moenet/ros2_ws_rt/src/custom_msgs/install/custom_msgs/include/custom_msgs/custom_msgs/msg/detail/quaternion__struct.hpp
[3.407s] -- Installing: /home/moenet/ros2_ws_rt/src/custom_msgs/install/custom_msgs/include/custom_msgs/custom_msgs/msg/detail/pose3_d_stamped__traits.hpp
[3.407s] -- Installing: /home/moenet/ros2_ws_rt/src/custom_msgs/install/custom_msgs/include/custom_msgs/custom_msgs/msg/detail/pose3_d__traits.hpp
[3.407s] -- Installing: /home/moenet/ros2_ws_rt/src/custom_msgs/install/custom_msgs/include/custom_msgs/custom_msgs/msg/detail/quaternion__traits.hpp
[3.407s] -- Installing: /home/moenet/ros2_ws_rt/src/custom_msgs/install/custom_msgs/include/custom_msgs/custom_msgs/msg/pose3_d.hpp
[3.407s] -- Installing: /home/moenet/ros2_ws_rt/src/custom_msgs/install/custom_msgs/include/custom_msgs/custom_msgs/msg/pose3_d_stamped.hpp
[3.407s] -- Up-to-date: /home/moenet/ros2_ws_rt/src/custom_msgs/install/custom_msgs/include/custom_msgs/custom_msgs
[3.407s] -- Up-to-date: /home/moenet/ros2_ws_rt/src/custom_msgs/install/custom_msgs/include/custom_msgs/custom_msgs/srv
[3.407s] -- Up-to-date: /home/moenet/ros2_ws_rt/src/custom_msgs/install/custom_msgs/include/custom_msgs/custom_msgs/srv/detail
[3.407s] -- Installing: /home/moenet/ros2_ws_rt/src/custom_msgs/install/custom_msgs/include/custom_msgs/custom_msgs/srv/detail/get_from_rio__rosidl_typesupport_fastrtps_cpp.hpp
[3.407s] -- Installing: /home/moenet/ros2_ws_rt/src/custom_msgs/install/custom_msgs/include/custom_msgs/custom_msgs/srv/detail/publish_to_rio__rosidl_typesupport_fastrtps_cpp.hpp
[3.407s] -- Installing: /home/moenet/ros2_ws_rt/src/custom_msgs/install/custom_msgs/include/custom_msgs/custom_msgs/srv/detail/dds_fastrtps
[3.407s] -- Installing: /home/moenet/ros2_ws_rt/src/custom_msgs/install/custom_msgs/include/custom_msgs/custom_msgs/srv/detail/gstam__rosidl_typesupport_fastrtps_cpp.hpp
[3.407s] -- Up-to-date: /home/moenet/ros2_ws_rt/src/custom_msgs/install/custom_msgs/include/custom_msgs/custom_msgs/msg
[3.407s] -- Up-to-date: /home/moenet/ros2_ws_rt/src/custom_msgs/install/custom_msgs/include/custom_msgs/custom_msgs/msg/detail
[3.407s] -- Installing: /home/moenet/ros2_ws_rt/src/custom_msgs/install/custom_msgs/include/custom_msgs/custom_msgs/msg/detail/dds_fastrtps
[3.407s] -- Installing: /home/moenet/ros2_ws_rt/src/custom_msgs/install/custom_msgs/include/custom_msgs/custom_msgs/msg/detail/quaternion__rosidl_typesupport_fastrtps_cpp.hpp
[3.407s] -- Installing: /home/moenet/ros2_ws_rt/src/custom_msgs/install/custom_msgs/include/custom_msgs/custom_msgs/msg/detail/pose3_d__rosidl_typesupport_fastrtps_cpp.hpp
[3.407s] -- Installing: /home/moenet/ros2_ws_rt/src/custom_msgs/install/custom_msgs/include/custom_msgs/custom_msgs/msg/detail/pose3_d_stamped__rosidl_typesupport_fastrtps_cpp.hpp
[3.407s] -- Installing: /home/moenet/ros2_ws_rt/src/custom_msgs/install/custom_msgs/include/custom_msgs/custom_msgs/msg/rosidl_typesupport_fastrtps_cpp__visibility_control.h
[3.407s] -- Installing: /home/moenet/ros2_ws_rt/src/custom_msgs/install/custom_msgs/lib/libcustom_msgs__rosidl_typesupport_fastrtps_cpp.so
[3.407s] -- Set runtime path of "/home/moenet/ros2_ws_rt/src/custom_msgs/install/custom_msgs/lib/libcustom_msgs__rosidl_typesupport_fastrtps_cpp.so" to ""
[3.407s] -- Up-to-date: /home/moenet/ros2_ws_rt/src/custom_msgs/install/custom_msgs/include/custom_msgs/custom_msgs
[3.407s] -- Up-to-date: /home/moenet/ros2_ws_rt/src/custom_msgs/install/custom_msgs/include/custom_msgs/custom_msgs/srv
[3.408s] -- Up-to-date: /home/moenet/ros2_ws_rt/src/custom_msgs/install/custom_msgs/include/custom_msgs/custom_msgs/srv/detail
[3.408s] -- Installing: /home/moenet/ros2_ws_rt/src/custom_msgs/install/custom_msgs/include/custom_msgs/custom_msgs/srv/detail/get_from_rio__rosidl_typesupport_introspection_c.h
[3.408s] -- Installing: /home/moenet/ros2_ws_rt/src/custom_msgs/install/custom_msgs/include/custom_msgs/custom_msgs/srv/detail/gstam__type_support.c
[3.408s] -- Installing: /home/moenet/ros2_ws_rt/src/custom_msgs/install/custom_msgs/include/custom_msgs/custom_msgs/srv/detail/publish_to_rio__type_support.c
[3.408s] -- Installing: /home/moenet/ros2_ws_rt/src/custom_msgs/install/custom_msgs/include/custom_msgs/custom_msgs/srv/detail/gstam__rosidl_typesupport_introspection_c.h
[3.408s] -- Installing: /home/moenet/ros2_ws_rt/src/custom_msgs/install/custom_msgs/include/custom_msgs/custom_msgs/srv/detail/publish_to_rio__rosidl_typesupport_introspection_c.h
[3.408s] -- Installing: /home/moenet/ros2_ws_rt/src/custom_msgs/install/custom_msgs/include/custom_msgs/custom_msgs/srv/detail/get_from_rio__type_support.c
[3.408s] -- Up-to-date: /home/moenet/ros2_ws_rt/src/custom_msgs/install/custom_msgs/include/custom_msgs/custom_msgs/msg
[3.408s] -- Installing: /home/moenet/ros2_ws_rt/src/custom_msgs/install/custom_msgs/include/custom_msgs/custom_msgs/msg/rosidl_typesupport_introspection_c__visibility_control.h
[3.408s] -- Up-to-date: /home/moenet/ros2_ws_rt/src/custom_msgs/install/custom_msgs/include/custom_msgs/custom_msgs/msg/detail
[3.408s] -- Installing: /home/moenet/ros2_ws_rt/src/custom_msgs/install/custom_msgs/include/custom_msgs/custom_msgs/msg/detail/quaternion__rosidl_typesupport_introspection_c.h
[3.408s] -- Installing: /home/moenet/ros2_ws_rt/src/custom_msgs/install/custom_msgs/include/custom_msgs/custom_msgs/msg/detail/quaternion__type_support.c
[3.408s] -- Installing: /home/moenet/ros2_ws_rt/src/custom_msgs/install/custom_msgs/include/custom_msgs/custom_msgs/msg/detail/pose3_d__type_support.c
[3.408s] -- Installing: /home/moenet/ros2_ws_rt/src/custom_msgs/install/custom_msgs/include/custom_msgs/custom_msgs/msg/detail/pose3_d_stamped__rosidl_typesupport_introspection_c.h
[3.408s] -- Installing: /home/moenet/ros2_ws_rt/src/custom_msgs/install/custom_msgs/include/custom_msgs/custom_msgs/msg/detail/pose3_d_stamped__type_support.c
[3.408s] -- Installing: /home/moenet/ros2_ws_rt/src/custom_msgs/install/custom_msgs/include/custom_msgs/custom_msgs/msg/detail/pose3_d__rosidl_typesupport_introspection_c.h
[3.408s] -- Installing: /home/moenet/ros2_ws_rt/src/custom_msgs/install/custom_msgs/lib/libcustom_msgs__rosidl_typesupport_introspection_c.so
[3.408s] -- Set runtime path of "/home/moenet/ros2_ws_rt/src/custom_msgs/install/custom_msgs/lib/libcustom_msgs__rosidl_typesupport_introspection_c.so" to ""
[3.408s] -- Installing: /home/moenet/ros2_ws_rt/src/custom_msgs/install/custom_msgs/lib/libcustom_msgs__rosidl_typesupport_c.so
[3.408s] -- Set runtime path of "/home/moenet/ros2_ws_rt/src/custom_msgs/install/custom_msgs/lib/libcustom_msgs__rosidl_typesupport_c.so" to ""
[3.408s] -- Up-to-date: /home/moenet/ros2_ws_rt/src/custom_msgs/install/custom_msgs/include/custom_msgs/custom_msgs
[3.408s] -- Up-to-date: /home/moenet/ros2_ws_rt/src/custom_msgs/install/custom_msgs/include/custom_msgs/custom_msgs/srv
[3.408s] -- Up-to-date: /home/moenet/ros2_ws_rt/src/custom_msgs/install/custom_msgs/include/custom_msgs/custom_msgs/srv/detail
[3.408s] -- Installing: /home/moenet/ros2_ws_rt/src/custom_msgs/install/custom_msgs/include/custom_msgs/custom_msgs/srv/detail/get_from_rio__rosidl_typesupport_introspection_cpp.hpp
[3.408s] -- Installing: /home/moenet/ros2_ws_rt/src/custom_msgs/install/custom_msgs/include/custom_msgs/custom_msgs/srv/detail/gstam__rosidl_typesupport_introspection_cpp.hpp
[3.408s] -- Installing: /home/moenet/ros2_ws_rt/src/custom_msgs/install/custom_msgs/include/custom_msgs/custom_msgs/srv/detail/publish_to_rio__rosidl_typesupport_introspection_cpp.hpp
[3.408s] -- Installing: /home/moenet/ros2_ws_rt/src/custom_msgs/install/custom_msgs/include/custom_msgs/custom_msgs/srv/detail/get_from_rio__type_support.cpp
[3.408s] -- Installing: /home/moenet/ros2_ws_rt/src/custom_msgs/install/custom_msgs/include/custom_msgs/custom_msgs/srv/detail/publish_to_rio__type_support.cpp
[3.408s] -- Installing: /home/moenet/ros2_ws_rt/src/custom_msgs/install/custom_msgs/include/custom_msgs/custom_msgs/srv/detail/gstam__type_support.cpp
[3.408s] -- Up-to-date: /home/moenet/ros2_ws_rt/src/custom_msgs/install/custom_msgs/include/custom_msgs/custom_msgs/msg
[3.408s] -- Up-to-date: /home/moenet/ros2_ws_rt/src/custom_msgs/install/custom_msgs/include/custom_msgs/custom_msgs/msg/detail
[3.408s] -- Installing: /home/moenet/ros2_ws_rt/src/custom_msgs/install/custom_msgs/include/custom_msgs/custom_msgs/msg/detail/pose3_d__rosidl_typesupport_introspection_cpp.hpp
[3.408s] -- Installing: /home/moenet/ros2_ws_rt/src/custom_msgs/install/custom_msgs/include/custom_msgs/custom_msgs/msg/detail/pose3_d_stamped__rosidl_typesupport_introspection_cpp.hpp
[3.408s] -- Installing: /home/moenet/ros2_ws_rt/src/custom_msgs/install/custom_msgs/include/custom_msgs/custom_msgs/msg/detail/pose3_d__type_support.cpp
[3.408s] -- Installing: /home/moenet/ros2_ws_rt/src/custom_msgs/install/custom_msgs/include/custom_msgs/custom_msgs/msg/detail/quaternion__rosidl_typesupport_introspection_cpp.hpp
[3.408s] -- Installing: /home/moenet/ros2_ws_rt/src/custom_msgs/install/custom_msgs/include/custom_msgs/custom_msgs/msg/detail/quaternion__type_support.cpp
[3.408s] -- Installing: /home/moenet/ros2_ws_rt/src/custom_msgs/install/custom_msgs/include/custom_msgs/custom_msgs/msg/detail/pose3_d_stamped__type_support.cpp
[3.408s] -- Installing: /home/moenet/ros2_ws_rt/src/custom_msgs/install/custom_msgs/lib/libcustom_msgs__rosidl_typesupport_introspection_cpp.so
[3.409s] -- Set runtime path of "/home/moenet/ros2_ws_rt/src/custom_msgs/install/custom_msgs/lib/libcustom_msgs__rosidl_typesupport_introspection_cpp.so" to ""
[3.409s] -- Installing: /home/moenet/ros2_ws_rt/src/custom_msgs/install/custom_msgs/lib/libcustom_msgs__rosidl_typesupport_cpp.so
[3.409s] -- Set runtime path of "/home/moenet/ros2_ws_rt/src/custom_msgs/install/custom_msgs/lib/libcustom_msgs__rosidl_typesupport_cpp.so" to ""
[3.409s] -- Installing: /home/moenet/ros2_ws_rt/src/custom_msgs/install/custom_msgs/share/custom_msgs/environment/pythonpath.sh
[3.409s] -- Installing: /home/moenet/ros2_ws_rt/src/custom_msgs/install/custom_msgs/share/custom_msgs/environment/pythonpath.dsv
[3.409s] -- Installing: /home/moenet/ros2_ws_rt/src/custom_msgs/install/custom_msgs/local/lib/python3.10/dist-packages/custom_msgs-0.0.0-py3.10.egg-info
[3.409s] -- Installing: /home/moenet/ros2_ws_rt/src/custom_msgs/install/custom_msgs/local/lib/python3.10/dist-packages/custom_msgs-0.0.0-py3.10.egg-info/top_level.txt
[3.409s] -- Installing: /home/moenet/ros2_ws_rt/src/custom_msgs/install/custom_msgs/local/lib/python3.10/dist-packages/custom_msgs-0.0.0-py3.10.egg-info/SOURCES.txt
[3.409s] -- Installing: /home/moenet/ros2_ws_rt/src/custom_msgs/install/custom_msgs/local/lib/python3.10/dist-packages/custom_msgs-0.0.0-py3.10.egg-info/PKG-INFO
[3.409s] -- Installing: /home/moenet/ros2_ws_rt/src/custom_msgs/install/custom_msgs/local/lib/python3.10/dist-packages/custom_msgs-0.0.0-py3.10.egg-info/dependency_links.txt
[3.409s] -- Installing: /home/moenet/ros2_ws_rt/src/custom_msgs/install/custom_msgs/local/lib/python3.10/dist-packages/custom_msgs
[3.409s] -- Installing: /home/moenet/ros2_ws_rt/src/custom_msgs/install/custom_msgs/local/lib/python3.10/dist-packages/custom_msgs/custom_msgs_s__rosidl_typesupport_fastrtps_c.cpython-310-x86_64-linux-gnu.so
[3.409s] -- Installing: /home/moenet/ros2_ws_rt/src/custom_msgs/install/custom_msgs/local/lib/python3.10/dist-packages/custom_msgs/_custom_msgs_s.ep.rosidl_typesupport_c.c
[3.409s] -- Installing: /home/moenet/ros2_ws_rt/src/custom_msgs/install/custom_msgs/local/lib/python3.10/dist-packages/custom_msgs/libcustom_msgs__rosidl_generator_py.so
[3.409s] -- Installing: /home/moenet/ros2_ws_rt/src/custom_msgs/install/custom_msgs/local/lib/python3.10/dist-packages/custom_msgs/custom_msgs_s__rosidl_typesupport_c.cpython-310-x86_64-linux-gnu.so
[3.409s] -- Installing: /home/moenet/ros2_ws_rt/src/custom_msgs/install/custom_msgs/local/lib/python3.10/dist-packages/custom_msgs/srv
[3.409s] -- Installing: /home/moenet/ros2_ws_rt/src/custom_msgs/install/custom_msgs/local/lib/python3.10/dist-packages/custom_msgs/srv/_gstam.py
[3.409s] -- Installing: /home/moenet/ros2_ws_rt/src/custom_msgs/install/custom_msgs/local/lib/python3.10/dist-packages/custom_msgs/srv/__init__.py
[3.409s] -- Installing: /home/moenet/ros2_ws_rt/src/custom_msgs/install/custom_msgs/local/lib/python3.10/dist-packages/custom_msgs/srv/_publish_to_rio.py
[3.409s] -- Installing: /home/moenet/ros2_ws_rt/src/custom_msgs/install/custom_msgs/local/lib/python3.10/dist-packages/custom_msgs/srv/_gstam_s.c
[3.409s] -- Installing: /home/moenet/ros2_ws_rt/src/custom_msgs/install/custom_msgs/local/lib/python3.10/dist-packages/custom_msgs/srv/_publish_to_rio_s.c
[3.409s] -- Installing: /home/moenet/ros2_ws_rt/src/custom_msgs/install/custom_msgs/local/lib/python3.10/dist-packages/custom_msgs/srv/_get_from_rio_s.c
[3.409s] -- Installing: /home/moenet/ros2_ws_rt/src/custom_msgs/install/custom_msgs/local/lib/python3.10/dist-packages/custom_msgs/srv/_get_from_rio.py
[3.409s] -- Installing: /home/moenet/ros2_ws_rt/src/custom_msgs/install/custom_msgs/local/lib/python3.10/dist-packages/custom_msgs/custom_msgs_s__rosidl_typesupport_introspection_c.cpython-310-x86_64-linux-gnu.so
[3.409s] -- Installing: /home/moenet/ros2_ws_rt/src/custom_msgs/install/custom_msgs/local/lib/python3.10/dist-packages/custom_msgs/__init__.py
[3.409s] -- Installing: /home/moenet/ros2_ws_rt/src/custom_msgs/install/custom_msgs/local/lib/python3.10/dist-packages/custom_msgs/msg
[3.409s] -- Installing: /home/moenet/ros2_ws_rt/src/custom_msgs/install/custom_msgs/local/lib/python3.10/dist-packages/custom_msgs/msg/_pose3_d_stamped_s.c
[3.409s] -- Installing: /home/moenet/ros2_ws_rt/src/custom_msgs/install/custom_msgs/local/lib/python3.10/dist-packages/custom_msgs/msg/_pose3_d_stamped.py
[3.409s] -- Installing: /home/moenet/ros2_ws_rt/src/custom_msgs/install/custom_msgs/local/lib/python3.10/dist-packages/custom_msgs/msg/_quaternion_s.c
[3.409s] -- Installing: /home/moenet/ros2_ws_rt/src/custom_msgs/install/custom_msgs/local/lib/python3.10/dist-packages/custom_msgs/msg/_pose3_d_s.c
[3.409s] -- Installing: /home/moenet/ros2_ws_rt/src/custom_msgs/install/custom_msgs/local/lib/python3.10/dist-packages/custom_msgs/msg/_quaternion.py
[3.409s] -- Installing: /home/moenet/ros2_ws_rt/src/custom_msgs/install/custom_msgs/local/lib/python3.10/dist-packages/custom_msgs/msg/_pose3_d.py
[3.409s] -- Installing: /home/moenet/ros2_ws_rt/src/custom_msgs/install/custom_msgs/local/lib/python3.10/dist-packages/custom_msgs/msg/__init__.py
[3.409s] -- Installing: /home/moenet/ros2_ws_rt/src/custom_msgs/install/custom_msgs/local/lib/python3.10/dist-packages/custom_msgs/_custom_msgs_s.ep.rosidl_typesupport_introspection_c.c
[3.410s] -- Installing: /home/moenet/ros2_ws_rt/src/custom_msgs/install/custom_msgs/local/lib/python3.10/dist-packages/custom_msgs/_custom_msgs_s.ep.rosidl_typesupport_fastrtps_c.c
[3.431s] Listing '/home/moenet/ros2_ws_rt/src/custom_msgs/install/custom_msgs/local/lib/python3.10/dist-packages/custom_msgs'...
[3.431s] Compiling '/home/moenet/ros2_ws_rt/src/custom_msgs/install/custom_msgs/local/lib/python3.10/dist-packages/custom_msgs/__init__.py'...
[3.431s] Listing '/home/moenet/ros2_ws_rt/src/custom_msgs/install/custom_msgs/local/lib/python3.10/dist-packages/custom_msgs/msg'...
[3.431s] Compiling '/home/moenet/ros2_ws_rt/src/custom_msgs/install/custom_msgs/local/lib/python3.10/dist-packages/custom_msgs/msg/__init__.py'...
[3.431s] Compiling '/home/moenet/ros2_ws_rt/src/custom_msgs/install/custom_msgs/local/lib/python3.10/dist-packages/custom_msgs/msg/_pose3_d.py'...
[3.432s] Compiling '/home/moenet/ros2_ws_rt/src/custom_msgs/install/custom_msgs/local/lib/python3.10/dist-packages/custom_msgs/msg/_pose3_d_stamped.py'...
[3.432s] Compiling '/home/moenet/ros2_ws_rt/src/custom_msgs/install/custom_msgs/local/lib/python3.10/dist-packages/custom_msgs/msg/_quaternion.py'...
[3.432s] Listing '/home/moenet/ros2_ws_rt/src/custom_msgs/install/custom_msgs/local/lib/python3.10/dist-packages/custom_msgs/srv'...
[3.432s] Compiling '/home/moenet/ros2_ws_rt/src/custom_msgs/install/custom_msgs/local/lib/python3.10/dist-packages/custom_msgs/srv/__init__.py'...
[3.432s] Compiling '/home/moenet/ros2_ws_rt/src/custom_msgs/install/custom_msgs/local/lib/python3.10/dist-packages/custom_msgs/srv/_get_from_rio.py'...
[3.432s] Compiling '/home/moenet/ros2_ws_rt/src/custom_msgs/install/custom_msgs/local/lib/python3.10/dist-packages/custom_msgs/srv/_gstam.py'...
[3.432s] Compiling '/home/moenet/ros2_ws_rt/src/custom_msgs/install/custom_msgs/local/lib/python3.10/dist-packages/custom_msgs/srv/_publish_to_rio.py'...
[3.434s] -- Installing: /home/moenet/ros2_ws_rt/src/custom_msgs/install/custom_msgs/local/lib/python3.10/dist-packages/custom_msgs/custom_msgs_s__rosidl_typesupport_fastrtps_c.cpython-310-x86_64-linux-gnu.so
[3.435s] -- Set runtime path of "/home/moenet/ros2_ws_rt/src/custom_msgs/install/custom_msgs/local/lib/python3.10/dist-packages/custom_msgs/custom_msgs_s__rosidl_typesupport_fastrtps_c.cpython-310-x86_64-linux-gnu.so" to ""
[3.435s] -- Installing: /home/moenet/ros2_ws_rt/src/custom_msgs/install/custom_msgs/local/lib/python3.10/dist-packages/custom_msgs/custom_msgs_s__rosidl_typesupport_introspection_c.cpython-310-x86_64-linux-gnu.so
[3.435s] -- Set runtime path of "/home/moenet/ros2_ws_rt/src/custom_msgs/install/custom_msgs/local/lib/python3.10/dist-packages/custom_msgs/custom_msgs_s__rosidl_typesupport_introspection_c.cpython-310-x86_64-linux-gnu.so" to ""
[3.435s] -- Installing: /home/moenet/ros2_ws_rt/src/custom_msgs/install/custom_msgs/local/lib/python3.10/dist-packages/custom_msgs/custom_msgs_s__rosidl_typesupport_c.cpython-310-x86_64-linux-gnu.so
[3.435s] -- Set runtime path of "/home/moenet/ros2_ws_rt/src/custom_msgs/install/custom_msgs/local/lib/python3.10/dist-packages/custom_msgs/custom_msgs_s__rosidl_typesupport_c.cpython-310-x86_64-linux-gnu.so" to ""
[3.435s] -- Installing: /home/moenet/ros2_ws_rt/src/custom_msgs/install/custom_msgs/lib/libcustom_msgs__rosidl_generator_py.so
[3.435s] -- Set runtime path of "/home/moenet/ros2_ws_rt/src/custom_msgs/install/custom_msgs/lib/libcustom_msgs__rosidl_generator_py.so" to ""
[3.435s] -- Installing: /home/moenet/ros2_ws_rt/src/custom_msgs/install/custom_msgs/share/custom_msgs/msg/Quaternion.idl
[3.435s] -- Installing: /home/moenet/ros2_ws_rt/src/custom_msgs/install/custom_msgs/share/custom_msgs/msg/Pose3D.idl
[3.435s] -- Installing: /home/moenet/ros2_ws_rt/src/custom_msgs/install/custom_msgs/share/custom_msgs/msg/Pose3DStamped.idl
[3.435s] -- Installing: /home/moenet/ros2_ws_rt/src/custom_msgs/install/custom_msgs/share/custom_msgs/srv/Gstam.idl
[3.435s] -- Installing: /home/moenet/ros2_ws_rt/src/custom_msgs/install/custom_msgs/share/custom_msgs/srv/GetFromRio.idl
[3.435s] -- Installing: /home/moenet/ros2_ws_rt/src/custom_msgs/install/custom_msgs/share/custom_msgs/srv/PublishToRio.idl
[3.436s] -- Installing: /home/moenet/ros2_ws_rt/src/custom_msgs/install/custom_msgs/share/custom_msgs/msg/Quaternion.msg
[3.436s] -- Installing: /home/moenet/ros2_ws_rt/src/custom_msgs/install/custom_msgs/share/custom_msgs/msg/Pose3D.msg
[3.436s] -- Installing: /home/moenet/ros2_ws_rt/src/custom_msgs/install/custom_msgs/share/custom_msgs/msg/Pose3DStamped.msg
[3.436s] -- Installing: /home/moenet/ros2_ws_rt/src/custom_msgs/install/custom_msgs/share/custom_msgs/srv/Gstam.srv
[3.436s] -- Installing: /home/moenet/ros2_ws_rt/src/custom_msgs/install/custom_msgs/share/custom_msgs/srv/Gstam_Request.msg
[3.436s] -- Installing: /home/moenet/ros2_ws_rt/src/custom_msgs/install/custom_msgs/share/custom_msgs/srv/Gstam_Response.msg
[3.436s] -- Installing: /home/moenet/ros2_ws_rt/src/custom_msgs/install/custom_msgs/share/custom_msgs/srv/GetFromRio.srv
[3.436s] -- Installing: /home/moenet/ros2_ws_rt/src/custom_msgs/install/custom_msgs/share/custom_msgs/srv/GetFromRio_Request.msg
[3.436s] -- Installing: /home/moenet/ros2_ws_rt/src/custom_msgs/install/custom_msgs/share/custom_msgs/srv/GetFromRio_Response.msg
[3.436s] -- Installing: /home/moenet/ros2_ws_rt/src/custom_msgs/install/custom_msgs/share/custom_msgs/srv/PublishToRio.srv
[3.436s] -- Installing: /home/moenet/ros2_ws_rt/src/custom_msgs/install/custom_msgs/share/custom_msgs/srv/PublishToRio_Request.msg
[3.436s] -- Installing: /home/moenet/ros2_ws_rt/src/custom_msgs/install/custom_msgs/share/custom_msgs/srv/PublishToRio_Response.msg
[3.436s] -- Installing: /home/moenet/ros2_ws_rt/src/custom_msgs/install/custom_msgs/share/ament_index/resource_index/package_run_dependencies/custom_msgs
[3.436s] -- Installing: /home/moenet/ros2_ws_rt/src/custom_msgs/install/custom_msgs/share/ament_index/resource_index/parent_prefix_path/custom_msgs
[3.436s] -- Installing: /home/moenet/ros2_ws_rt/src/custom_msgs/install/custom_msgs/share/custom_msgs/environment/ament_prefix_path.sh
[3.436s] -- Installing: /home/moenet/ros2_ws_rt/src/custom_msgs/install/custom_msgs/share/custom_msgs/environment/ament_prefix_path.dsv
[3.436s] -- Installing: /home/moenet/ros2_ws_rt/src/custom_msgs/install/custom_msgs/share/custom_msgs/environment/path.sh
[3.436s] -- Installing: /home/moenet/ros2_ws_rt/src/custom_msgs/install/custom_msgs/share/custom_msgs/environment/path.dsv
[3.436s] -- Installing: /home/moenet/ros2_ws_rt/src/custom_msgs/install/custom_msgs/share/custom_msgs/local_setup.bash
[3.436s] -- Installing: /home/moenet/ros2_ws_rt/src/custom_msgs/install/custom_msgs/share/custom_msgs/local_setup.sh
[3.436s] -- Installing: /home/moenet/ros2_ws_rt/src/custom_msgs/install/custom_msgs/share/custom_msgs/local_setup.zsh
[3.436s] -- Installing: /home/moenet/ros2_ws_rt/src/custom_msgs/install/custom_msgs/share/custom_msgs/local_setup.dsv
[3.436s] -- Installing: /home/moenet/ros2_ws_rt/src/custom_msgs/install/custom_msgs/share/custom_msgs/package.dsv
[3.436s] -- Installing: /home/moenet/ros2_ws_rt/src/custom_msgs/install/custom_msgs/share/ament_index/resource_index/packages/custom_msgs
[3.436s] -- Installing: /home/moenet/ros2_ws_rt/src/custom_msgs/install/custom_msgs/share/custom_msgs/cmake/export_custom_msgs__rosidl_generator_cExport.cmake
[3.436s] -- Installing: /home/moenet/ros2_ws_rt/src/custom_msgs/install/custom_msgs/share/custom_msgs/cmake/export_custom_msgs__rosidl_generator_cExport-noconfig.cmake
[3.436s] -- Installing: /home/moenet/ros2_ws_rt/src/custom_msgs/install/custom_msgs/share/custom_msgs/cmake/export_custom_msgs__rosidl_typesupport_fastrtps_cExport.cmake
[3.436s] -- Installing: /home/moenet/ros2_ws_rt/src/custom_msgs/install/custom_msgs/share/custom_msgs/cmake/export_custom_msgs__rosidl_typesupport_fastrtps_cExport-noconfig.cmake
[3.437s] -- Installing: /home/moenet/ros2_ws_rt/src/custom_msgs/install/custom_msgs/share/custom_msgs/cmake/export_custom_msgs__rosidl_generator_cppExport.cmake
[3.437s] -- Installing: /home/moenet/ros2_ws_rt/src/custom_msgs/install/custom_msgs/share/custom_msgs/cmake/export_custom_msgs__rosidl_typesupport_fastrtps_cppExport.cmake
[3.437s] -- Installing: /home/moenet/ros2_ws_rt/src/custom_msgs/install/custom_msgs/share/custom_msgs/cmake/export_custom_msgs__rosidl_typesupport_fastrtps_cppExport-noconfig.cmake
[3.437s] -- Installing: /home/moenet/ros2_ws_rt/src/custom_msgs/install/custom_msgs/share/custom_msgs/cmake/custom_msgs__rosidl_typesupport_introspection_cExport.cmake
[3.437s] -- Installing: /home/moenet/ros2_ws_rt/src/custom_msgs/install/custom_msgs/share/custom_msgs/cmake/custom_msgs__rosidl_typesupport_introspection_cExport-noconfig.cmake
[3.437s] -- Installing: /home/moenet/ros2_ws_rt/src/custom_msgs/install/custom_msgs/share/custom_msgs/cmake/custom_msgs__rosidl_typesupport_cExport.cmake
[3.437s] -- Installing: /home/moenet/ros2_ws_rt/src/custom_msgs/install/custom_msgs/share/custom_msgs/cmake/custom_msgs__rosidl_typesupport_cExport-noconfig.cmake
[3.437s] -- Installing: /home/moenet/ros2_ws_rt/src/custom_msgs/install/custom_msgs/share/custom_msgs/cmake/custom_msgs__rosidl_typesupport_introspection_cppExport.cmake
[3.437s] -- Installing: /home/moenet/ros2_ws_rt/src/custom_msgs/install/custom_msgs/share/custom_msgs/cmake/custom_msgs__rosidl_typesupport_introspection_cppExport-noconfig.cmake
[3.437s] -- Installing: /home/moenet/ros2_ws_rt/src/custom_msgs/install/custom_msgs/share/custom_msgs/cmake/custom_msgs__rosidl_typesupport_cppExport.cmake
[3.437s] -- Installing: /home/moenet/ros2_ws_rt/src/custom_msgs/install/custom_msgs/share/custom_msgs/cmake/custom_msgs__rosidl_typesupport_cppExport-noconfig.cmake
[3.437s] -- Installing: /home/moenet/ros2_ws_rt/src/custom_msgs/install/custom_msgs/share/custom_msgs/cmake/export_custom_msgs__rosidl_generator_pyExport.cmake
[3.437s] -- Installing: /home/moenet/ros2_ws_rt/src/custom_msgs/install/custom_msgs/share/custom_msgs/cmake/export_custom_msgs__rosidl_generator_pyExport-noconfig.cmake
[3.437s] -- Installing: /home/moenet/ros2_ws_rt/src/custom_msgs/install/custom_msgs/share/custom_msgs/cmake/rosidl_cmake-extras.cmake
[3.437s] -- Installing: /home/moenet/ros2_ws_rt/src/custom_msgs/install/custom_msgs/share/custom_msgs/cmake/ament_cmake_export_dependencies-extras.cmake
[3.437s] -- Installing: /home/moenet/ros2_ws_rt/src/custom_msgs/install/custom_msgs/share/custom_msgs/cmake/ament_cmake_export_include_directories-extras.cmake
[3.437s] -- Installing: /home/moenet/ros2_ws_rt/src/custom_msgs/install/custom_msgs/share/custom_msgs/cmake/ament_cmake_export_libraries-extras.cmake
[3.437s] -- Installing: /home/moenet/ros2_ws_rt/src/custom_msgs/install/custom_msgs/share/custom_msgs/cmake/ament_cmake_export_targets-extras.cmake
[3.437s] -- Installing: /home/moenet/ros2_ws_rt/src/custom_msgs/install/custom_msgs/share/custom_msgs/cmake/rosidl_cmake_export_typesupport_targets-extras.cmake
[3.437s] -- Installing: /home/moenet/ros2_ws_rt/src/custom_msgs/install/custom_msgs/share/custom_msgs/cmake/rosidl_cmake_export_typesupport_libraries-extras.cmake
[3.437s] -- Installing: /home/moenet/ros2_ws_rt/src/custom_msgs/install/custom_msgs/share/custom_msgs/cmake/custom_msgsConfig.cmake
[3.437s] -- Installing: /home/moenet/ros2_ws_rt/src/custom_msgs/install/custom_msgs/share/custom_msgs/cmake/custom_msgsConfig-version.cmake
[3.438s] -- Installing: /home/moenet/ros2_ws_rt/src/custom_msgs/install/custom_msgs/share/custom_msgs/package.xml
[3.440s] Invoked command in '/home/moenet/ros2_ws_rt/src/custom_msgs/build/custom_msgs' returned '0': CMAKE_PREFIX_PATH=${CMAKE_PREFIX_PATH}:/home/moenet/moenet2023-Anand/ros2_ws/install/rtabmap_python:/opt/ros/humble /usr/bin/cmake --install /home/moenet/ros2_ws_rt/src/custom_msgs/build/custom_msgs
